<!DOCTYPE html>

<html>
  <head>
  <meta charset='utf-8'>
  <title>TestNG reports</title>

    <link type="text/css" href="testng-reports.css" rel="stylesheet" />
    <script type="text/javascript" src="jquery-1.7.1.min.js"></script>
    <script type="text/javascript" src="testng-reports.js"></script>
    <script type="text/javascript" src="https://www.google.com/jsapi"></script>
    <script type='text/javascript'>
      google.load('visualization', '1', {packages:['table']});
      google.setOnLoadCallback(drawTable);
      var suiteTableInitFunctions = new Array();
      var suiteTableData = new Array();
    </script>
    <!--
      <script type="text/javascript" src="jquery-ui/js/jquery-ui-1.8.16.custom.min.js"></script>
     -->
  </head>

  <body>
    <div class="top-banner-root">
      <span class="top-banner-title-font">Test results</span>
      <br/>
      <span class="top-banner-font-1">1 suite, 5 failed tests</span>
    </div> <!-- top-banner-root -->
    <div class="navigator-root">
      <div class="navigator-suite-header">
        <span>All suites</span>
        <a href="#" title="Collapse/expand all the suites" class="collapse-all-link">
          <img src="collapseall.gif" class="collapse-all-icon">
          </img> <!-- collapse-all-icon -->
        </a> <!-- collapse-all-link -->
      </div> <!-- navigator-suite-header -->
      <div class="suite">
        <div class="rounded-window">
          <div class="suite-header light-rounded-window-top">
            <a href="#" panel-name="suite-All_tests" class="navigator-link">
              <span class="suite-name border-failed">All tests</span>
            </a> <!-- navigator-link -->
          </div> <!-- suite-header light-rounded-window-top -->
          <div class="navigator-suite-content">
            <div class="suite-section-title">
              <span>Info</span>
            </div> <!-- suite-section-title -->
            <div class="suite-section-content">
              <ul>
                <li>
                  <a href="#" panel-name="test-xml-All_tests" class="navigator-link ">
                    <span>test.xml</span>
                  </a> <!-- navigator-link  -->
                </li>
                <li>
                  <a href="#" panel-name="testlist-All_tests" class="navigator-link ">
                    <span class="test-stats">2 tests</span>
                  </a> <!-- navigator-link  -->
                </li>
                <li>
                  <a href="#" panel-name="group-All_tests" class="navigator-link ">
                    <span>0 groups</span>
                  </a> <!-- navigator-link  -->
                </li>
                <li>
                  <a href="#" panel-name="times-All_tests" class="navigator-link ">
                    <span>Times</span>
                  </a> <!-- navigator-link  -->
                </li>
                <li>
                  <a href="#" panel-name="reporter-All_tests" class="navigator-link ">
                    <span>Reporter output</span>
                  </a> <!-- navigator-link  -->
                </li>
                <li>
                  <a href="#" panel-name="ignored-methods-All_tests" class="navigator-link ">
                    <span>Ignored methods</span>
                  </a> <!-- navigator-link  -->
                </li>
                <li>
                  <a href="#" panel-name="chronological-All_tests" class="navigator-link ">
                    <span>Chronological view</span>
                  </a> <!-- navigator-link  -->
                </li>
              </ul>
            </div> <!-- suite-section-content -->
            <div class="result-section">
              <div class="suite-section-title">
                <span>Results</span>
              </div> <!-- suite-section-title -->
              <div class="suite-section-content">
                <ul>
                  <li>
                    <span class="method-stats">19 methods, 5 failed,   14 passed</span>
                  </li>
                  <li>
                    <span class="method-list-title failed">Failed methods</span>
                    <span class="show-or-hide-methods failed">
                      <a href="#" panel-name="suite-All_tests" class="hide-methods failed suite-All_tests"> (hide)</a> <!-- hide-methods failed suite-All_tests -->
                      <a href="#" panel-name="suite-All_tests" class="show-methods failed suite-All_tests"> (show)</a> <!-- show-methods failed suite-All_tests -->
                    </span>
                    <div class="method-list-content failed suite-All_tests">
                      <span>
                        <img src="failed.png" width="3%"/>
                        <a href="#" panel-name="suite-All_tests" title="api.FactorialCalculationTest" class="method navigator-link" hash-for-method="calculationTest(2000)">calculationTest(2000)</a> <!-- method navigator-link -->
                      </span>
                      <br/>
                      <span>
                        <img src="failed.png" width="3%"/>
                        <a href="#" panel-name="suite-All_tests" title="api.FactorialCalculationTest" class="method navigator-link" hash-for-method="calculationTest(-1)">calculationTest(-1)</a> <!-- method navigator-link -->
                      </span>
                      <br/>
                      <span>
                        <img src="failed.png" width="3%"/>
                        <a href="#" panel-name="suite-All_tests" title="ui.mainPage.InputDataTypeTest" class="method navigator-link" hash-for-method="inputDataTypeValidation(Negative values with minus, -1)">inputDataTypeValidation(Negative values with minus, -1)</a> <!-- method navigator-link -->
                      </span>
                      <br/>
                      <span>
                        <img src="failed.png" width="3%"/>
                        <a href="#" panel-name="suite-All_tests" title="ui.mainPage.ResultDisplayingTest" class="method navigator-link" hash-for-method="resultDisplayingFormat(270)">resultDisplayingFormat(270)</a> <!-- method navigator-link -->
                      </span>
                      <br/>
                      <span>
                        <img src="failed.png" width="3%"/>
                        <a href="#" panel-name="suite-All_tests" title="ui.mainPage.ResultDisplayingTest" class="method navigator-link" hash-for-method="resultDisplayingFormat(1883)">resultDisplayingFormat(1883)</a> <!-- method navigator-link -->
                      </span>
                      <br/>
                    </div> <!-- method-list-content failed suite-All_tests -->
                  </li>
                  <li>
                    <span class="method-list-title passed">Passed methods</span>
                    <span class="show-or-hide-methods passed">
                      <a href="#" panel-name="suite-All_tests" class="hide-methods passed suite-All_tests"> (hide)</a> <!-- hide-methods passed suite-All_tests -->
                      <a href="#" panel-name="suite-All_tests" class="show-methods passed suite-All_tests"> (show)</a> <!-- show-methods passed suite-All_tests -->
                    </span>
                    <div class="method-list-content passed suite-All_tests">
                      <span>
                        <img src="passed.png" width="3%"/>
                        <a href="#" panel-name="suite-All_tests" title="ui.mainPage.ContentTest" class="method navigator-link" hash-for-method="calculateButton">calculateButton</a> <!-- method navigator-link -->
                      </span>
                      <br/>
                      <span>
                        <img src="passed.png" width="3%"/>
                        <a href="#" panel-name="suite-All_tests" title="api.FactorialCalculationTest" class="method navigator-link" hash-for-method="calculationTest(0)">calculationTest(0)</a> <!-- method navigator-link -->
                      </span>
                      <br/>
                      <span>
                        <img src="passed.png" width="3%"/>
                        <a href="#" panel-name="suite-All_tests" title="api.FactorialCalculationTest" class="method navigator-link" hash-for-method="calculationTest(256)">calculationTest(256)</a> <!-- method navigator-link -->
                      </span>
                      <br/>
                      <span>
                        <img src="passed.png" width="3%"/>
                        <a href="#" panel-name="suite-All_tests" title="api.FactorialCalculationTest" class="method navigator-link" hash-for-method="calculationTest(1)">calculationTest(1)</a> <!-- method navigator-link -->
                      </span>
                      <br/>
                      <span>
                        <img src="passed.png" width="3%"/>
                        <a href="#" panel-name="suite-All_tests" title="api.FactorialCalculationTest" class="method navigator-link" hash-for-method="calculationTest(13)">calculationTest(13)</a> <!-- method navigator-link -->
                      </span>
                      <br/>
                      <span>
                        <img src="passed.png" width="3%"/>
                        <a href="#" panel-name="suite-All_tests" title="ui.mainPage.ErrorDisplayingTest" class="method navigator-link" hash-for-method="errorDisplaying">errorDisplaying</a> <!-- method navigator-link -->
                      </span>
                      <br/>
                      <span>
                        <img src="passed.png" width="3%"/>
                        <a href="#" panel-name="suite-All_tests" title="ui.mainPage.ContentTest" class="method navigator-link" hash-for-method="headerTitle">headerTitle</a> <!-- method navigator-link -->
                      </span>
                      <br/>
                      <span>
                        <img src="passed.png" width="3%"/>
                        <a href="#" panel-name="suite-All_tests" title="ui.mainPage.InputDataTypeTest" class="method navigator-link" hash-for-method="inputDataTypeValidation(Not int values with arithmetic sign, 1+1)">inputDataTypeValidation(Not int values with arithmetic sign, 1+1)</a> <!-- method navigator-link -->
                      </span>
                      <br/>
                      <span>
                        <img src="passed.png" width="3%"/>
                        <a href="#" panel-name="suite-All_tests" title="ui.mainPage.InputDataTypeTest" class="method navigator-link" hash-for-method="inputDataTypeValidation(Not int values with alphabet sign, 1e)">inputDataTypeValidation(Not int values with alphabet sign, 1e)</a> <!-- method navigator-link -->
                      </span>
                      <br/>
                      <span>
                        <img src="passed.png" width="3%"/>
                        <a href="#" panel-name="suite-All_tests" title="ui.mainPage.InputDataTypeTest" class="method navigator-link" hash-for-method="inputDataTypeValidation(Not int values with dot, 1.1)">inputDataTypeValidation(Not int values with dot, 1.1)</a> <!-- method navigator-link -->
                      </span>
                      <br/>
                      <span>
                        <img src="passed.png" width="3%"/>
                        <a href="#" panel-name="suite-All_tests" title="ui.mainPage.InputDataTypeTest" class="method navigator-link" hash-for-method="inputDataTypeValidation(Not int values with coma, 1,1)">inputDataTypeValidation(Not int values with coma, 1,1)</a> <!-- method navigator-link -->
                      </span>
                      <br/>
                      <span>
                        <img src="passed.png" width="3%"/>
                        <a href="#" panel-name="suite-All_tests" title="ui.mainPage.ContentTest" class="method navigator-link" hash-for-method="inputField">inputField</a> <!-- method navigator-link -->
                      </span>
                      <br/>
                      <span>
                        <img src="passed.png" width="3%"/>
                        <a href="#" panel-name="suite-All_tests" title="ui.mainPage.ResultDisplayingTest" class="method navigator-link" hash-for-method="resultDisplayingFormat(14)">resultDisplayingFormat(14)</a> <!-- method navigator-link -->
                      </span>
                      <br/>
                      <span>
                        <img src="passed.png" width="3%"/>
                        <a href="#" panel-name="suite-All_tests" title="ui.mainPage.ResultDisplayingTest" class="method navigator-link" hash-for-method="resultDisplayingFormat(4)">resultDisplayingFormat(4)</a> <!-- method navigator-link -->
                      </span>
                      <br/>
                    </div> <!-- method-list-content passed suite-All_tests -->
                  </li>
                </ul>
              </div> <!-- suite-section-content -->
            </div> <!-- result-section -->
          </div> <!-- navigator-suite-content -->
        </div> <!-- rounded-window -->
      </div> <!-- suite -->
    </div> <!-- navigator-root -->
    <div class="wrapper">
      <div class="main-panel-root">
        <div panel-name="suite-All_tests" class="panel All_tests">
          <div class="suite-All_tests-class-failed">
            <div class="main-panel-header rounded-window-top">
              <img src="failed.png"/>
              <span class="class-name">api.FactorialCalculationTest</span>
            </div> <!-- main-panel-header rounded-window-top -->
            <div class="main-panel-content rounded-window-bottom">
              <div class="method">
                <div class="method-content">
                  <a name="calculationTest(2000)">
                  </a> <!-- calculationTest(2000) -->
                  <span class="method-name">calculationTest</span>
                  <span class="parameters">(2000)</span>
                  <div class="stack-trace">java.lang.AssertionError: 1 expectation failed.
Expected status code &lt;200&gt; but was &lt;500&gt;.

	at org.codehaus.groovy.runtime.callsite.ConstructorSite$ConstructorSiteNoUnwrapNoCoerce.callConstructor(ConstructorSite.java:108)
	at org.codehaus.groovy.runtime.callsite.AbstractCallSite.callConstructor(AbstractCallSite.java:277)
	at io.restassured.internal.ResponseSpecificationImpl$HamcrestAssertionClosure.validate(ResponseSpecificationImpl.groovy:512)
	at io.restassured.internal.ResponseSpecificationImpl$HamcrestAssertionClosure$validate$1.call(Unknown Source)
	at io.restassured.internal.ResponseSpecificationImpl.validateResponseIfRequired(ResponseSpecificationImpl.groovy:696)
	at io.restassured.internal.ResponseSpecificationImpl.this$2$validateResponseIfRequired(ResponseSpecificationImpl.groovy)
	at org.codehaus.groovy.runtime.callsite.PlainObjectMetaMethodSite.doInvoke(PlainObjectMetaMethodSite.java:43)
	at org.codehaus.groovy.runtime.callsite.PogoMetaMethodSite$PogoCachedMethodSiteNoUnwrapNoCoerce.invoke(PogoMetaMethodSite.java:198)
	at org.codehaus.groovy.runtime.callsite.PogoMetaMethodSite.callCurrent(PogoMetaMethodSite.java:62)
	at org.codehaus.groovy.runtime.callsite.AbstractCallSite.callCurrent(AbstractCallSite.java:185)
	at io.restassured.internal.ResponseSpecificationImpl.statusCode(ResponseSpecificationImpl.groovy:135)
	at io.restassured.specification.ResponseSpecification$statusCode$0.callCurrent(Unknown Source)
	at io.restassured.internal.ResponseSpecificationImpl.statusCode(ResponseSpecificationImpl.groovy:143)
	at io.restassured.internal.ValidatableResponseOptionsImpl.statusCode(ValidatableResponseOptionsImpl.java:89)
	at api.FactorialCalculationTest.calculationTest(FactorialCalculationTest.java:34)
	at java.base/java.util.concurrent.ThreadPoolExecutor.runWorker(ThreadPoolExecutor.java:1144)
	at java.base/java.util.concurrent.ThreadPoolExecutor$Worker.run(ThreadPoolExecutor.java:642)
	at java.base/java.lang.Thread.run(Thread.java:1589)
... Removed 16 stack frames
</div> <!-- stack-trace -->
                </div> <!-- method-content -->
              </div> <!-- method -->
              <div class="method">
                <div class="method-content">
                  <a name="calculationTest(-1)">
                  </a> <!-- calculationTest(-1) -->
                  <span class="method-name">calculationTest</span>
                  <span class="parameters">(-1)</span>
                  <div class="stack-trace">java.lang.AssertionError: 1 expectation failed.
Expected status code &lt;200&gt; but was &lt;500&gt;.

	at org.codehaus.groovy.runtime.callsite.ConstructorSite$ConstructorSiteNoUnwrapNoCoerce.callConstructor(ConstructorSite.java:108)
	at org.codehaus.groovy.runtime.callsite.CallSiteArray.defaultCallConstructor(CallSiteArray.java:57)
	at org.codehaus.groovy.runtime.callsite.AbstractCallSite.callConstructor(AbstractCallSite.java:263)
	at org.codehaus.groovy.runtime.callsite.AbstractCallSite.callConstructor(AbstractCallSite.java:277)
	at io.restassured.internal.ResponseSpecificationImpl$HamcrestAssertionClosure.validate(ResponseSpecificationImpl.groovy:512)
	at io.restassured.internal.ResponseSpecificationImpl$HamcrestAssertionClosure$validate$1.call(Unknown Source)
	at io.restassured.internal.ResponseSpecificationImpl.validateResponseIfRequired(ResponseSpecificationImpl.groovy:696)
	at io.restassured.internal.ResponseSpecificationImpl.this$2$validateResponseIfRequired(ResponseSpecificationImpl.groovy)
	at org.codehaus.groovy.runtime.callsite.PlainObjectMetaMethodSite.doInvoke(PlainObjectMetaMethodSite.java:43)
	at org.codehaus.groovy.runtime.callsite.PogoMetaMethodSite$PogoCachedMethodSiteNoUnwrapNoCoerce.invoke(PogoMetaMethodSite.java:198)
	at org.codehaus.groovy.runtime.callsite.PogoMetaMethodSite.callCurrent(PogoMetaMethodSite.java:62)
	at org.codehaus.groovy.runtime.callsite.AbstractCallSite.callCurrent(AbstractCallSite.java:185)
	at io.restassured.internal.ResponseSpecificationImpl.statusCode(ResponseSpecificationImpl.groovy:135)
	at io.restassured.specification.ResponseSpecification$statusCode$0.callCurrent(Unknown Source)
	at io.restassured.internal.ResponseSpecificationImpl.statusCode(ResponseSpecificationImpl.groovy:143)
	at io.restassured.internal.ValidatableResponseOptionsImpl.statusCode(ValidatableResponseOptionsImpl.java:89)
	at api.FactorialCalculationTest.calculationTest(FactorialCalculationTest.java:34)
	at java.base/java.util.concurrent.ThreadPoolExecutor.runWorker(ThreadPoolExecutor.java:1144)
	at java.base/java.util.concurrent.ThreadPoolExecutor$Worker.run(ThreadPoolExecutor.java:642)
	at java.base/java.lang.Thread.run(Thread.java:1589)
... Removed 16 stack frames
</div> <!-- stack-trace -->
                </div> <!-- method-content -->
              </div> <!-- method -->
            </div> <!-- main-panel-content rounded-window-bottom -->
          </div> <!-- suite-All_tests-class-failed -->
          <div class="suite-All_tests-class-failed">
            <div class="main-panel-header rounded-window-top">
              <img src="failed.png"/>
              <span class="class-name">ui.mainPage.ResultDisplayingTest</span>
            </div> <!-- main-panel-header rounded-window-top -->
            <div class="main-panel-content rounded-window-bottom">
              <div class="method">
                <div class="method-content">
                  <a name="resultDisplayingFormat(270)">
                  </a> <!-- resultDisplayingFormat(270) -->
                  <span class="method-name">resultDisplayingFormat</span>
                  <span class="parameters">(270)</span>
                  <div class="stack-trace">java.lang.AssertionError: expected [The factorial of 270 is: 6662114104669102659441021975736134627769448930279862933653218630551948003511087832565415828448678280273978753617211105330479503215391395051285941411676952807468659285639696303194016356426102905293246092874474761645912856695644240665245982604485191327580894984261640512855484243841384335849362695123615035750935706878324574737858489512861092219029899373726694555642915186832331932293272162921969108837665231946747134114678139970333858780786306763062986052579371266852134060032000000000000000000000000000000000000000000000000000000000000000000] but found [The factorial of 270 is: Infinity]
	at ui.mainPage.ResultDisplayingTest.resultDisplayingFormat(ResultDisplayingTest.java:36)
	at java.base/java.util.concurrent.ThreadPoolExecutor.runWorker(ThreadPoolExecutor.java:1144)
	at java.base/java.util.concurrent.ThreadPoolExecutor$Worker.run(ThreadPoolExecutor.java:642)
	at java.base/java.lang.Thread.run(Thread.java:1589)
... Removed 15 stack frames
</div> <!-- stack-trace -->
                </div> <!-- method-content -->
              </div> <!-- method -->
              <div class="method">
                <div class="method-content">
                  <a name="resultDisplayingFormat(1883)">
                  </a> <!-- resultDisplayingFormat(1883) -->
                  <span class="method-name">resultDisplayingFormat</span>
                  <span class="parameters">(1883)</span>
                  <div class="stack-trace">org.openqa.selenium.TimeoutException: Expected condition failed: waiting for org.openqa.selenium.support.ui.ExpectedConditions$$Lambda$722/0x000000080122d088@750f7673 (tried for 10 second(s) with 500 milliseconds interval)
Build info: version: &apos;3.141.59&apos;, revision: &apos;e82be7d358&apos;, time: &apos;2018-11-14T08:17:03&apos;
System info: host: &apos;Ihars-MacBook-Pro.local&apos;, ip: &apos;fe80:0:0:0:10d6:3f9a:a43:146c%en0&apos;, os.name: &apos;Mac OS X&apos;, os.arch: &apos;aarch64&apos;, os.version: &apos;13.1&apos;, java.version: &apos;19.0.2&apos;
Driver info: org.openqa.selenium.chrome.ChromeDriver
Capabilities {acceptInsecureCerts: false, browserName: chrome, browserVersion: 109.0.5414.119, chrome: {chromedriverVersion: 109.0.5414.74 (e7c5703604da..., userDataDir: /var/folders/r3/64949w294hg...}, goog:chromeOptions: {debuggerAddress: localhost:52182}, javascriptEnabled: true, networkConnectionEnabled: false, pageLoadStrategy: normal, platform: MAC, platformName: MAC, proxy: Proxy(), setWindowRect: true, strictFileInteractability: false, timeouts: {implicit: 0, pageLoad: 300000, script: 30000}, unhandledPromptBehavior: dismiss and notify, webauthn:extension:credBlob: true, webauthn:extension:largeBlob: true, webauthn:virtualAuthenticators: true}
Session ID: cbb91e7c789dac7c2e05c68999f1a459
	at org.openqa.selenium.support.ui.WebDriverWait.timeoutException(WebDriverWait.java:95)
	at org.openqa.selenium.support.ui.FluentWait.until(FluentWait.java:272)
	at com.org.page.MainPage.clickCalculationButton(MainPage.java:36)
	at ui.mainPage.ResultDisplayingTest.resultDisplayingFormat(ResultDisplayingTest.java:34)
	at java.base/java.util.concurrent.ThreadPoolExecutor.runWorker(ThreadPoolExecutor.java:1144)
	at java.base/java.util.concurrent.ThreadPoolExecutor$Worker.run(ThreadPoolExecutor.java:642)
	at java.base/java.lang.Thread.run(Thread.java:1589)
... Removed 10 stack frames
</div> <!-- stack-trace -->
                </div> <!-- method-content -->
              </div> <!-- method -->
            </div> <!-- main-panel-content rounded-window-bottom -->
          </div> <!-- suite-All_tests-class-failed -->
          <div class="suite-All_tests-class-failed">
            <div class="main-panel-header rounded-window-top">
              <img src="failed.png"/>
              <span class="class-name">ui.mainPage.InputDataTypeTest</span>
            </div> <!-- main-panel-header rounded-window-top -->
            <div class="main-panel-content rounded-window-bottom">
              <div class="method">
                <div class="method-content">
                  <a name="inputDataTypeValidation(Negative values with minus, -1)">
                  </a> <!-- inputDataTypeValidation(Negative values with minus, -1) -->
                  <span class="method-name">inputDataTypeValidation</span>
                  <span class="parameters">(Negative values with minus, -1)</span>
                  <div class="stack-trace">org.openqa.selenium.TimeoutException: Expected condition failed: waiting for org.openqa.selenium.support.ui.ExpectedConditions$$Lambda$722/0x000000080122d088@2a174631 (tried for 10 second(s) with 500 milliseconds interval)
Build info: version: &apos;3.141.59&apos;, revision: &apos;e82be7d358&apos;, time: &apos;2018-11-14T08:17:03&apos;
System info: host: &apos;Ihars-MacBook-Pro.local&apos;, ip: &apos;fe80:0:0:0:10d6:3f9a:a43:146c%en0&apos;, os.name: &apos;Mac OS X&apos;, os.arch: &apos;aarch64&apos;, os.version: &apos;13.1&apos;, java.version: &apos;19.0.2&apos;
Driver info: org.openqa.selenium.chrome.ChromeDriver
Capabilities {acceptInsecureCerts: false, browserName: chrome, browserVersion: 109.0.5414.119, chrome: {chromedriverVersion: 109.0.5414.74 (e7c5703604da..., userDataDir: /var/folders/r3/64949w294hg...}, goog:chromeOptions: {debuggerAddress: localhost:52184}, javascriptEnabled: true, networkConnectionEnabled: false, pageLoadStrategy: normal, platform: MAC, platformName: MAC, proxy: Proxy(), setWindowRect: true, strictFileInteractability: false, timeouts: {implicit: 0, pageLoad: 300000, script: 30000}, unhandledPromptBehavior: dismiss and notify, webauthn:extension:credBlob: true, webauthn:extension:largeBlob: true, webauthn:virtualAuthenticators: true}
Session ID: 868106926a40cf86daa4247111c7aabf
	at org.openqa.selenium.support.ui.WebDriverWait.timeoutException(WebDriverWait.java:95)
	at org.openqa.selenium.support.ui.FluentWait.until(FluentWait.java:272)
	at com.org.page.MainPage.clickCalculationButton(MainPage.java:36)
	at ui.mainPage.InputDataTypeTest.inputDataTypeValidation(InputDataTypeTest.java:35)
	at java.base/java.util.concurrent.ThreadPoolExecutor.runWorker(ThreadPoolExecutor.java:1144)
	at java.base/java.util.concurrent.ThreadPoolExecutor$Worker.run(ThreadPoolExecutor.java:642)
	at java.base/java.lang.Thread.run(Thread.java:1589)
... Removed 10 stack frames
</div> <!-- stack-trace -->
                </div> <!-- method-content -->
              </div> <!-- method -->
            </div> <!-- main-panel-content rounded-window-bottom -->
          </div> <!-- suite-All_tests-class-failed -->
          <div class="suite-All_tests-class-passed">
            <div class="main-panel-header rounded-window-top">
              <img src="passed.png"/>
              <span class="class-name">ui.mainPage.ContentTest</span>
            </div> <!-- main-panel-header rounded-window-top -->
            <div class="main-panel-content rounded-window-bottom">
              <div class="method">
                <div class="method-content">
                  <a name="calculateButton">
                  </a> <!-- calculateButton -->
                  <span class="method-name">calculateButton</span>
                </div> <!-- method-content -->
              </div> <!-- method -->
              <div class="method">
                <div class="method-content">
                  <a name="headerTitle">
                  </a> <!-- headerTitle -->
                  <span class="method-name">headerTitle</span>
                </div> <!-- method-content -->
              </div> <!-- method -->
              <div class="method">
                <div class="method-content">
                  <a name="inputField">
                  </a> <!-- inputField -->
                  <span class="method-name">inputField</span>
                </div> <!-- method-content -->
              </div> <!-- method -->
            </div> <!-- main-panel-content rounded-window-bottom -->
          </div> <!-- suite-All_tests-class-passed -->
          <div class="suite-All_tests-class-passed">
            <div class="main-panel-header rounded-window-top">
              <img src="passed.png"/>
              <span class="class-name">api.FactorialCalculationTest</span>
            </div> <!-- main-panel-header rounded-window-top -->
            <div class="main-panel-content rounded-window-bottom">
              <div class="method">
                <div class="method-content">
                  <a name="calculationTest(0)">
                  </a> <!-- calculationTest(0) -->
                  <span class="method-name">calculationTest</span>
                  <span class="parameters">(0)</span>
                </div> <!-- method-content -->
              </div> <!-- method -->
              <div class="method">
                <div class="method-content">
                  <a name="calculationTest(256)">
                  </a> <!-- calculationTest(256) -->
                  <span class="method-name">calculationTest</span>
                  <span class="parameters">(256)</span>
                </div> <!-- method-content -->
              </div> <!-- method -->
              <div class="method">
                <div class="method-content">
                  <a name="calculationTest(1)">
                  </a> <!-- calculationTest(1) -->
                  <span class="method-name">calculationTest</span>
                  <span class="parameters">(1)</span>
                </div> <!-- method-content -->
              </div> <!-- method -->
              <div class="method">
                <div class="method-content">
                  <a name="calculationTest(13)">
                  </a> <!-- calculationTest(13) -->
                  <span class="method-name">calculationTest</span>
                  <span class="parameters">(13)</span>
                </div> <!-- method-content -->
              </div> <!-- method -->
            </div> <!-- main-panel-content rounded-window-bottom -->
          </div> <!-- suite-All_tests-class-passed -->
          <div class="suite-All_tests-class-passed">
            <div class="main-panel-header rounded-window-top">
              <img src="passed.png"/>
              <span class="class-name">ui.mainPage.ResultDisplayingTest</span>
            </div> <!-- main-panel-header rounded-window-top -->
            <div class="main-panel-content rounded-window-bottom">
              <div class="method">
                <div class="method-content">
                  <a name="resultDisplayingFormat(14)">
                  </a> <!-- resultDisplayingFormat(14) -->
                  <span class="method-name">resultDisplayingFormat</span>
                  <span class="parameters">(14)</span>
                </div> <!-- method-content -->
              </div> <!-- method -->
              <div class="method">
                <div class="method-content">
                  <a name="resultDisplayingFormat(4)">
                  </a> <!-- resultDisplayingFormat(4) -->
                  <span class="method-name">resultDisplayingFormat</span>
                  <span class="parameters">(4)</span>
                </div> <!-- method-content -->
              </div> <!-- method -->
            </div> <!-- main-panel-content rounded-window-bottom -->
          </div> <!-- suite-All_tests-class-passed -->
          <div class="suite-All_tests-class-passed">
            <div class="main-panel-header rounded-window-top">
              <img src="passed.png"/>
              <span class="class-name">ui.mainPage.InputDataTypeTest</span>
            </div> <!-- main-panel-header rounded-window-top -->
            <div class="main-panel-content rounded-window-bottom">
              <div class="method">
                <div class="method-content">
                  <a name="inputDataTypeValidation(Not int values with arithmetic sign, 1+1)">
                  </a> <!-- inputDataTypeValidation(Not int values with arithmetic sign, 1+1) -->
                  <span class="method-name">inputDataTypeValidation</span>
                  <span class="parameters">(Not int values with arithmetic sign, 1+1)</span>
                </div> <!-- method-content -->
              </div> <!-- method -->
              <div class="method">
                <div class="method-content">
                  <a name="inputDataTypeValidation(Not int values with alphabet sign, 1e)">
                  </a> <!-- inputDataTypeValidation(Not int values with alphabet sign, 1e) -->
                  <span class="method-name">inputDataTypeValidation</span>
                  <span class="parameters">(Not int values with alphabet sign, 1e)</span>
                </div> <!-- method-content -->
              </div> <!-- method -->
              <div class="method">
                <div class="method-content">
                  <a name="inputDataTypeValidation(Not int values with dot, 1.1)">
                  </a> <!-- inputDataTypeValidation(Not int values with dot, 1.1) -->
                  <span class="method-name">inputDataTypeValidation</span>
                  <span class="parameters">(Not int values with dot, 1.1)</span>
                </div> <!-- method-content -->
              </div> <!-- method -->
              <div class="method">
                <div class="method-content">
                  <a name="inputDataTypeValidation(Not int values with coma, 1,1)">
                  </a> <!-- inputDataTypeValidation(Not int values with coma, 1,1) -->
                  <span class="method-name">inputDataTypeValidation</span>
                  <span class="parameters">(Not int values with coma, 1,1)</span>
                </div> <!-- method-content -->
              </div> <!-- method -->
            </div> <!-- main-panel-content rounded-window-bottom -->
          </div> <!-- suite-All_tests-class-passed -->
          <div class="suite-All_tests-class-passed">
            <div class="main-panel-header rounded-window-top">
              <img src="passed.png"/>
              <span class="class-name">ui.mainPage.ErrorDisplayingTest</span>
            </div> <!-- main-panel-header rounded-window-top -->
            <div class="main-panel-content rounded-window-bottom">
              <div class="method">
                <div class="method-content">
                  <a name="errorDisplaying">
                  </a> <!-- errorDisplaying -->
                  <span class="method-name">errorDisplaying</span>
                </div> <!-- method-content -->
              </div> <!-- method -->
            </div> <!-- main-panel-content rounded-window-bottom -->
          </div> <!-- suite-All_tests-class-passed -->
        </div> <!-- panel All_tests -->
        <div panel-name="test-xml-All_tests" class="panel">
          <div class="main-panel-header rounded-window-top">
            <span class="header-content">/Users/ihar/Data/Experiments_code_courses/alfa/src/test/resources/suites/test.xml</span>
          </div> <!-- main-panel-header rounded-window-top -->
          <div class="main-panel-content rounded-window-bottom">
            <pre>
&lt;?xml version=&quot;1.0&quot; encoding=&quot;UTF-8&quot;?&gt;
&lt;!DOCTYPE suite SYSTEM &quot;https://testng.org/testng-1.0.dtd&quot;&gt;
&lt;suite name=&quot;All tests&quot; guice-stage=&quot;DEVELOPMENT&quot; verbose=&quot;0&quot;&gt;
  &lt;test thread-count=&quot;5&quot; parallel=&quot;classes&quot; name=&quot;UI tests&quot; verbose=&quot;0&quot;&gt;
    &lt;classes&gt;
      &lt;class name=&quot;ui.mainPage.ContentTest&quot;/&gt;
      &lt;class name=&quot;ui.mainPage.ErrorDisplayingTest&quot;/&gt;
      &lt;class name=&quot;ui.mainPage.InputDataTypeTest&quot;/&gt;
      &lt;class name=&quot;ui.mainPage.ResultDisplayingTest&quot;/&gt;
    &lt;/classes&gt;
  &lt;/test&gt; &lt;!-- UI tests --&gt;
  &lt;test thread-count=&quot;5&quot; parallel=&quot;classes&quot; name=&quot;API tests&quot; verbose=&quot;0&quot;&gt;
    &lt;classes&gt;
      &lt;class name=&quot;api.FactorialCalculationTest&quot;/&gt;
    &lt;/classes&gt;
  &lt;/test&gt; &lt;!-- API tests --&gt;
&lt;/suite&gt; &lt;!-- All tests --&gt;
            </pre>
          </div> <!-- main-panel-content rounded-window-bottom -->
        </div> <!-- panel -->
        <div panel-name="testlist-All_tests" class="panel">
          <div class="main-panel-header rounded-window-top">
            <span class="header-content">Tests for All tests</span>
          </div> <!-- main-panel-header rounded-window-top -->
          <div class="main-panel-content rounded-window-bottom">
            <ul>
              <li>
                <span class="test-name">UI tests (4 classes)</span>
              </li>
              <li>
                <span class="test-name">API tests (1 class)</span>
              </li>
            </ul>
          </div> <!-- main-panel-content rounded-window-bottom -->
        </div> <!-- panel -->
        <div panel-name="group-All_tests" class="panel">
          <div class="main-panel-header rounded-window-top">
            <span class="header-content">Groups for All tests</span>
          </div> <!-- main-panel-header rounded-window-top -->
          <div class="main-panel-content rounded-window-bottom">
          </div> <!-- main-panel-content rounded-window-bottom -->
        </div> <!-- panel -->
        <div panel-name="times-All_tests" class="panel">
          <div class="main-panel-header rounded-window-top">
            <span class="header-content">Times for All tests</span>
          </div> <!-- main-panel-header rounded-window-top -->
          <div class="main-panel-content rounded-window-bottom">
            <div class="times-div">
              <script type="text/javascript">
suiteTableInitFunctions.push('tableData_All_tests');
function tableData_All_tests() {
var data = new google.visualization.DataTable();
data.addColumn('number', 'Number');
data.addColumn('string', 'Method');
data.addColumn('string', 'Class');
data.addColumn('number', 'Time (ms)');
data.addRows(19);
data.setCell(0, 0, 0)
data.setCell(0, 1, 'inputDataTypeValidation')
data.setCell(0, 2, 'ui.mainPage.InputDataTypeTest')
data.setCell(0, 3, 10203);
data.setCell(1, 0, 1)
data.setCell(1, 1, 'resultDisplayingFormat')
data.setCell(1, 2, 'ui.mainPage.ResultDisplayingTest')
data.setCell(1, 3, 10107);
data.setCell(2, 0, 2)
data.setCell(2, 1, 'calculationTest')
data.setCell(2, 2, 'api.FactorialCalculationTest')
data.setCell(2, 3, 2911);
data.setCell(3, 0, 3)
data.setCell(3, 1, 'calculationTest')
data.setCell(3, 2, 'api.FactorialCalculationTest')
data.setCell(3, 3, 2416);
data.setCell(4, 0, 4)
data.setCell(4, 1, 'calculationTest')
data.setCell(4, 2, 'api.FactorialCalculationTest')
data.setCell(4, 3, 1920);
data.setCell(5, 0, 5)
data.setCell(5, 1, 'calculationTest')
data.setCell(5, 2, 'api.FactorialCalculationTest')
data.setCell(5, 3, 1863);
data.setCell(6, 0, 6)
data.setCell(6, 1, 'calculationTest')
data.setCell(6, 2, 'api.FactorialCalculationTest')
data.setCell(6, 3, 1169);
data.setCell(7, 0, 7)
data.setCell(7, 1, 'calculationTest')
data.setCell(7, 2, 'api.FactorialCalculationTest')
data.setCell(7, 3, 887);
data.setCell(8, 0, 8)
data.setCell(8, 1, 'resultDisplayingFormat')
data.setCell(8, 2, 'ui.mainPage.ResultDisplayingTest')
data.setCell(8, 3, 675);
data.setCell(9, 0, 9)
data.setCell(9, 1, 'resultDisplayingFormat')
data.setCell(9, 2, 'ui.mainPage.ResultDisplayingTest')
data.setCell(9, 3, 611);
data.setCell(10, 0, 10)
data.setCell(10, 1, 'resultDisplayingFormat')
data.setCell(10, 2, 'ui.mainPage.ResultDisplayingTest')
data.setCell(10, 3, 611);
data.setCell(11, 0, 11)
data.setCell(11, 1, 'inputDataTypeValidation')
data.setCell(11, 2, 'ui.mainPage.InputDataTypeTest')
data.setCell(11, 3, 167);
data.setCell(12, 0, 12)
data.setCell(12, 1, 'errorDisplaying')
data.setCell(12, 2, 'ui.mainPage.ErrorDisplayingTest')
data.setCell(12, 3, 157);
data.setCell(13, 0, 13)
data.setCell(13, 1, 'inputDataTypeValidation')
data.setCell(13, 2, 'ui.mainPage.InputDataTypeTest')
data.setCell(13, 3, 105);
data.setCell(14, 0, 14)
data.setCell(14, 1, 'inputDataTypeValidation')
data.setCell(14, 2, 'ui.mainPage.InputDataTypeTest')
data.setCell(14, 3, 103);
data.setCell(15, 0, 15)
data.setCell(15, 1, 'inputDataTypeValidation')
data.setCell(15, 2, 'ui.mainPage.InputDataTypeTest')
data.setCell(15, 3, 80);
data.setCell(16, 0, 16)
data.setCell(16, 1, 'headerTitle')
data.setCell(16, 2, 'ui.mainPage.ContentTest')
data.setCell(16, 3, 44);
data.setCell(17, 0, 17)
data.setCell(17, 1, 'inputField')
data.setCell(17, 2, 'ui.mainPage.ContentTest')
data.setCell(17, 3, 32);
data.setCell(18, 0, 18)
data.setCell(18, 1, 'calculateButton')
data.setCell(18, 2, 'ui.mainPage.ContentTest')
data.setCell(18, 3, 29);
window.suiteTableData['All_tests']= { tableData: data, tableDiv: 'times-div-All_tests'}
return data;
}
              </script>
              <span class="suite-total-time">Total running time: 34 seconds</span>
              <div id="times-div-All_tests">
              </div> <!-- times-div-All_tests -->
            </div> <!-- times-div -->
          </div> <!-- main-panel-content rounded-window-bottom -->
        </div> <!-- panel -->
        <div panel-name="reporter-All_tests" class="panel">
          <div class="main-panel-header rounded-window-top">
            <span class="header-content">Reporter output for All tests</span>
          </div> <!-- main-panel-header rounded-window-top -->
          <div class="main-panel-content rounded-window-bottom">
          </div> <!-- main-panel-content rounded-window-bottom -->
        </div> <!-- panel -->
        <div panel-name="ignored-methods-All_tests" class="panel">
          <div class="main-panel-header rounded-window-top">
            <span class="header-content">0 ignored methods</span>
          </div> <!-- main-panel-header rounded-window-top -->
          <div class="main-panel-content rounded-window-bottom">
          </div> <!-- main-panel-content rounded-window-bottom -->
        </div> <!-- panel -->
        <div panel-name="chronological-All_tests" class="panel">
          <div class="main-panel-header rounded-window-top">
            <span class="header-content">Methods in chronological order</span>
          </div> <!-- main-panel-header rounded-window-top -->
          <div class="main-panel-content rounded-window-bottom">
            <div class="chronological-class">
              <div class="chronological-class-name">ui.mainPage.ContentTest</div> <!-- chronological-class-name -->
              <div class="configuration-method before">
                <span class="method-name">init</span>
                <span class="method-start">0 ms</span>
              </div> <!-- configuration-method before -->
            </div> <!-- chronological-class -->
            <div class="chronological-class">
              <div class="chronological-class-name">ui.mainPage.ErrorDisplayingTest</div> <!-- chronological-class-name -->
              <div class="configuration-method before">
                <span class="method-name">init</span>
                <span class="method-start">0 ms</span>
              </div> <!-- configuration-method before -->
            </div> <!-- chronological-class -->
            <div class="chronological-class">
              <div class="chronological-class-name">ui.mainPage.ResultDisplayingTest</div> <!-- chronological-class-name -->
              <div class="configuration-method before">
                <span class="method-name">init</span>
                <span class="method-start">0 ms</span>
              </div> <!-- configuration-method before -->
            </div> <!-- chronological-class -->
            <div class="chronological-class">
              <div class="chronological-class-name">ui.mainPage.InputDataTypeTest</div> <!-- chronological-class-name -->
              <div class="configuration-method before">
                <span class="method-name">init</span>
                <span class="method-start">0 ms</span>
              </div> <!-- configuration-method before -->
            </div> <!-- chronological-class -->
            <div class="chronological-class">
              <div class="chronological-class-name">ui.mainPage.ErrorDisplayingTest</div> <!-- chronological-class-name -->
              <div class="test-method">
                <span class="method-name">errorDisplaying</span>
                <span class="method-start">2989 ms</span>
              </div> <!-- test-method -->
              <div class="configuration-class after">
                <span class="method-name">quitDriver</span>
                <span class="method-start">3147 ms</span>
              </div> <!-- configuration-class after -->
            </div> <!-- chronological-class -->
            <div class="chronological-class">
              <div class="chronological-class-name">ui.mainPage.ContentTest</div> <!-- chronological-class-name -->
              <div class="test-method">
                <span class="method-name">calculateButton</span>
                <span class="method-start">3253 ms</span>
              </div> <!-- test-method -->
              <div class="configuration-method before">
                <span class="method-name">init</span>
                <span class="method-start">3282 ms</span>
              </div> <!-- configuration-method before -->
              <div class="test-method">
                <span class="method-name">headerTitle</span>
                <span class="method-start">3783 ms</span>
              </div> <!-- test-method -->
              <div class="configuration-method before">
                <span class="method-name">init</span>
                <span class="method-start">3828 ms</span>
              </div> <!-- configuration-method before -->
            </div> <!-- chronological-class -->
            <div class="chronological-class">
              <div class="chronological-class-name">ui.mainPage.ResultDisplayingTest</div> <!-- chronological-class-name -->
              <div class="test-method">
                <span class="method-name">resultDisplayingFormat(4)</span>
                <span class="method-start">4149 ms</span>
              </div> <!-- test-method -->
            </div> <!-- chronological-class -->
            <div class="chronological-class">
              <div class="chronological-class-name">ui.mainPage.ContentTest</div> <!-- chronological-class-name -->
              <div class="test-method">
                <span class="method-name">inputField</span>
                <span class="method-start">4306 ms</span>
              </div> <!-- test-method -->
              <div class="configuration-class after">
                <span class="method-name">quitDriver</span>
                <span class="method-start">4338 ms</span>
              </div> <!-- configuration-class after -->
            </div> <!-- chronological-class -->
            <div class="chronological-class">
              <div class="chronological-class-name">ui.mainPage.ResultDisplayingTest</div> <!-- chronological-class-name -->
              <div class="configuration-method before">
                <span class="method-name">init</span>
                <span class="method-start">4825 ms</span>
              </div> <!-- configuration-method before -->
            </div> <!-- chronological-class -->
            <div class="chronological-class">
              <div class="chronological-class-name">ui.mainPage.InputDataTypeTest</div> <!-- chronological-class-name -->
              <div class="test-method">
                <span class="method-name">inputDataTypeValidation(Not int values with dot, 1.1)</span>
                <span class="method-start">5378 ms</span>
              </div> <!-- test-method -->
              <div class="configuration-method before">
                <span class="method-name">init</span>
                <span class="method-start">5546 ms</span>
              </div> <!-- configuration-method before -->
            </div> <!-- chronological-class -->
            <div class="chronological-class">
              <div class="chronological-class-name">ui.mainPage.ResultDisplayingTest</div> <!-- chronological-class-name -->
              <div class="test-method">
                <span class="method-name">resultDisplayingFormat(14)</span>
                <span class="method-start">5888 ms</span>
              </div> <!-- test-method -->
              <div class="configuration-method before">
                <span class="method-name">init</span>
                <span class="method-start">6499 ms</span>
              </div> <!-- configuration-method before -->
            </div> <!-- chronological-class -->
            <div class="chronological-class">
              <div class="chronological-class-name">ui.mainPage.InputDataTypeTest</div> <!-- chronological-class-name -->
              <div class="test-method">
                <span class="method-name">inputDataTypeValidation(Not int values with coma, 1,1)</span>
                <span class="method-start">6672 ms</span>
              </div> <!-- test-method -->
              <div class="configuration-method before">
                <span class="method-name">init</span>
                <span class="method-start">6777 ms</span>
              </div> <!-- configuration-method before -->
            </div> <!-- chronological-class -->
            <div class="chronological-class">
              <div class="chronological-class-name">ui.mainPage.ResultDisplayingTest</div> <!-- chronological-class-name -->
              <div class="test-method">
                <img src="failed.png">
                </img>
                <span class="method-name">resultDisplayingFormat(270)</span>
                <span class="method-start">6986 ms</span>
              </div> <!-- test-method -->
              <div class="configuration-method before">
                <span class="method-name">init</span>
                <span class="method-start">7601 ms</span>
              </div> <!-- configuration-method before -->
            </div> <!-- chronological-class -->
            <div class="chronological-class">
              <div class="chronological-class-name">ui.mainPage.InputDataTypeTest</div> <!-- chronological-class-name -->
              <div class="test-method">
                <span class="method-name">inputDataTypeValidation(Not int values with arithmetic sign, 1+1)</span>
                <span class="method-start">8114 ms</span>
              </div> <!-- test-method -->
              <div class="configuration-method before">
                <span class="method-name">init</span>
                <span class="method-start">8217 ms</span>
              </div> <!-- configuration-method before -->
            </div> <!-- chronological-class -->
            <div class="chronological-class">
              <div class="chronological-class-name">ui.mainPage.ResultDisplayingTest</div> <!-- chronological-class-name -->
              <div class="test-method">
                <img src="failed.png">
                </img>
                <span class="method-name">resultDisplayingFormat(1883)</span>
                <span class="method-start">9795 ms</span>
              </div> <!-- test-method -->
            </div> <!-- chronological-class -->
            <div class="chronological-class">
              <div class="chronological-class-name">ui.mainPage.InputDataTypeTest</div> <!-- chronological-class-name -->
              <div class="test-method">
                <span class="method-name">inputDataTypeValidation(Not int values with alphabet sign, 1e)</span>
                <span class="method-start">9997 ms</span>
              </div> <!-- test-method -->
              <div class="configuration-method before">
                <span class="method-name">init</span>
                <span class="method-start">10077 ms</span>
              </div> <!-- configuration-method before -->
              <div class="test-method">
                <img src="failed.png">
                </img>
                <span class="method-name">inputDataTypeValidation(Negative values with minus, -1)</span>
                <span class="method-start">10755 ms</span>
              </div> <!-- test-method -->
            </div> <!-- chronological-class -->
            <div class="chronological-class">
              <div class="chronological-class-name">ui.mainPage.ResultDisplayingTest</div> <!-- chronological-class-name -->
              <div class="configuration-class after">
                <span class="method-name">quitDriver</span>
                <span class="method-start">19903 ms</span>
              </div> <!-- configuration-class after -->
            </div> <!-- chronological-class -->
            <div class="chronological-class">
              <div class="chronological-class-name">ui.mainPage.InputDataTypeTest</div> <!-- chronological-class-name -->
              <div class="configuration-class after">
                <span class="method-name">quitDriver</span>
                <span class="method-start">20958 ms</span>
              </div> <!-- configuration-class after -->
            </div> <!-- chronological-class -->
            <div class="chronological-class">
              <div class="chronological-class-name">api.FactorialCalculationTest</div> <!-- chronological-class-name -->
              <div class="test-method">
                <span class="method-name">calculationTest(0)</span>
                <span class="method-start">26067 ms</span>
              </div> <!-- test-method -->
              <div class="test-method">
                <img src="failed.png">
                </img>
                <span class="method-name">calculationTest(-1)</span>
                <span class="method-start">28978 ms</span>
              </div> <!-- test-method -->
              <div class="test-method">
                <span class="method-name">calculationTest(1)</span>
                <span class="method-start">30899 ms</span>
              </div> <!-- test-method -->
              <div class="test-method">
                <span class="method-name">calculationTest(13)</span>
                <span class="method-start">33315 ms</span>
              </div> <!-- test-method -->
              <div class="test-method">
                <span class="method-name">calculationTest(256)</span>
                <span class="method-start">34484 ms</span>
              </div> <!-- test-method -->
              <div class="test-method">
                <img src="failed.png">
                </img>
                <span class="method-name">calculationTest(2000)</span>
                <span class="method-start">36348 ms</span>
              </div> <!-- test-method -->
          </div> <!-- main-panel-content rounded-window-bottom -->
        </div> <!-- panel -->
      </div> <!-- main-panel-root -->
    </div> <!-- wrapper -->
  </body>
</html>
