-------------------------------------------------------------------------------
Test set: TestSuite
-------------------------------------------------------------------------------
Tests run: 19, Failures: 5, Errors: 0, Skipped: 0, Time elapsed: 42.428 s <<< FAILURE! - in TestSuite
resultDisplayingFormat(ui.mainPage.ResultDisplayingTest)  Time elapsed: 0.615 s  <<< FAILURE!
java.lang.AssertionError: expected [The factorial of 270 is: 6662114104669102659441021975736134627769448930279862933653218630551948003511087832565415828448678280273978753617211105330479503215391395051285941411676952807468659285639696303194016356426102905293246092874474761645912856695644240665245982604485191327580894984261640512855484243841384335849362695123615035750935706878324574737858489512861092219029899373726694555642915186832331932293272162921969108837665231946747134114678139970333858780786306763062986052579371266852134060032000000000000000000000000000000000000000000000000000000000000000000] but found [The factorial of 270 is: Infinity]
	at ui.mainPage.ResultDisplayingTest.resultDisplayingFormat(ResultDisplayingTest.java:36)

resultDisplayingFormat(ui.mainPage.ResultDisplayingTest)  Time elapsed: 9.147 s  <<< FAILURE!
org.openqa.selenium.TimeoutException: 
Expected condition failed: waiting for org.openqa.selenium.support.ui.ExpectedConditions$$Lambda$722/0x000000080122d088@750f7673 (tried for 10 second(s) with 500 milliseconds interval)
Build info: version: '3.141.59', revision: 'e82be7d358', time: '2018-11-14T08:17:03'
System info: host: 'Ihars-MacBook-Pro.local', ip: 'fe80:0:0:0:10d6:3f9a:a43:146c%en0', os.name: 'Mac OS X', os.arch: 'aarch64', os.version: '13.1', java.version: '19.0.2'
Driver info: org.openqa.selenium.chrome.ChromeDriver
Capabilities {acceptInsecureCerts: false, browserName: chrome, browserVersion: 109.0.5414.119, chrome: {chromedriverVersion: 109.0.5414.74 (e7c5703604da..., userDataDir: /var/folders/r3/64949w294hg...}, goog:chromeOptions: {debuggerAddress: localhost:52182}, javascriptEnabled: true, networkConnectionEnabled: false, pageLoadStrategy: normal, platform: MAC, platformName: MAC, proxy: Proxy(), setWindowRect: true, strictFileInteractability: false, timeouts: {implicit: 0, pageLoad: 300000, script: 30000}, unhandledPromptBehavior: dismiss and notify, webauthn:extension:credBlob: true, webauthn:extension:largeBlob: true, webauthn:virtualAuthenticators: true}
Session ID: cbb91e7c789dac7c2e05c68999f1a459
	at ui.mainPage.ResultDisplayingTest.resultDisplayingFormat(ResultDisplayingTest.java:34)

inputDataTypeValidation(ui.mainPage.InputDataTypeTest)  Time elapsed: 10.203 s  <<< FAILURE!
org.openqa.selenium.TimeoutException: 
Expected condition failed: waiting for org.openqa.selenium.support.ui.ExpectedConditions$$Lambda$722/0x000000080122d088@2a174631 (tried for 10 second(s) with 500 milliseconds interval)
Build info: version: '3.141.59', revision: 'e82be7d358', time: '2018-11-14T08:17:03'
System info: host: 'Ihars-MacBook-Pro.local', ip: 'fe80:0:0:0:10d6:3f9a:a43:146c%en0', os.name: 'Mac OS X', os.arch: 'aarch64', os.version: '13.1', java.version: '19.0.2'
Driver info: org.openqa.selenium.chrome.ChromeDriver
Capabilities {acceptInsecureCerts: false, browserName: chrome, browserVersion: 109.0.5414.119, chrome: {chromedriverVersion: 109.0.5414.74 (e7c5703604da..., userDataDir: /var/folders/r3/64949w294hg...}, goog:chromeOptions: {debuggerAddress: localhost:52184}, javascriptEnabled: true, networkConnectionEnabled: false, pageLoadStrategy: normal, platform: MAC, platformName: MAC, proxy: Proxy(), setWindowRect: true, strictFileInteractability: false, timeouts: {implicit: 0, pageLoad: 300000, script: 30000}, unhandledPromptBehavior: dismiss and notify, webauthn:extension:credBlob: true, webauthn:extension:largeBlob: true, webauthn:virtualAuthenticators: true}
Session ID: 868106926a40cf86daa4247111c7aabf
	at ui.mainPage.InputDataTypeTest.inputDataTypeValidation(InputDataTypeTest.java:35)

calculationTest(api.FactorialCalculationTest)  Time elapsed: 1.921 s  <<< FAILURE!
java.lang.AssertionError: 
1 expectation failed.
Expected status code <200> but was <500>.

	at api.FactorialCalculationTest.calculationTest(FactorialCalculationTest.java:34)

calculationTest(api.FactorialCalculationTest)  Time elapsed: 0.887 s  <<< FAILURE!
java.lang.AssertionError: 
1 expectation failed.
Expected status code <200> but was <500>.

	at api.FactorialCalculationTest.calculationTest(FactorialCalculationTest.java:34)

