<?xml version="1.0" encoding="UTF-8"?>
<testsuite xmlns:xsi="http://www.w3.org/2001/XMLSchema-instance" xsi:noNamespaceSchemaLocation="https://maven.apache.org/surefire/maven-surefire-plugin/xsd/surefire-test-report.xsd" name="TestSuite" time="42.428" tests="19" errors="0" skipped="0" failures="5">
  <properties>
    <property name="java.specification.version" value="19"/>
    <property name="sun.jnu.encoding" value="UTF-8"/>
    <property name="java.class.path" value="/Users/ihar/Data/Experiments_code_courses/alfa/target/test-classes:/Users/ihar/Data/Experiments_code_courses/alfa/target/classes:/Users/ihar/.m2/repository/org/seleniumhq/selenium/selenium-java/3.141.59/selenium-java-3.141.59.jar:/Users/ihar/.m2/repository/org/seleniumhq/selenium/selenium-api/3.141.59/selenium-api-3.141.59.jar:/Users/ihar/.m2/repository/org/seleniumhq/selenium/selenium-chrome-driver/3.141.59/selenium-chrome-driver-3.141.59.jar:/Users/ihar/.m2/repository/org/seleniumhq/selenium/selenium-edge-driver/3.141.59/selenium-edge-driver-3.141.59.jar:/Users/ihar/.m2/repository/org/seleniumhq/selenium/selenium-firefox-driver/3.141.59/selenium-firefox-driver-3.141.59.jar:/Users/ihar/.m2/repository/org/seleniumhq/selenium/selenium-ie-driver/3.141.59/selenium-ie-driver-3.141.59.jar:/Users/ihar/.m2/repository/org/seleniumhq/selenium/selenium-opera-driver/3.141.59/selenium-opera-driver-3.141.59.jar:/Users/ihar/.m2/repository/org/seleniumhq/selenium/selenium-remote-driver/3.141.59/selenium-remote-driver-3.141.59.jar:/Users/ihar/.m2/repository/org/seleniumhq/selenium/selenium-safari-driver/3.141.59/selenium-safari-driver-3.141.59.jar:/Users/ihar/.m2/repository/org/seleniumhq/selenium/selenium-support/3.141.59/selenium-support-3.141.59.jar:/Users/ihar/.m2/repository/net/bytebuddy/byte-buddy/1.8.15/byte-buddy-1.8.15.jar:/Users/ihar/.m2/repository/org/apache/commons/commons-exec/1.3/commons-exec-1.3.jar:/Users/ihar/.m2/repository/com/google/guava/guava/25.0-jre/guava-25.0-jre.jar:/Users/ihar/.m2/repository/com/google/code/findbugs/jsr305/1.3.9/jsr305-1.3.9.jar:/Users/ihar/.m2/repository/org/checkerframework/checker-compat-qual/2.0.0/checker-compat-qual-2.0.0.jar:/Users/ihar/.m2/repository/com/google/errorprone/error_prone_annotations/2.1.3/error_prone_annotations-2.1.3.jar:/Users/ihar/.m2/repository/com/google/j2objc/j2objc-annotations/1.1/j2objc-annotations-1.1.jar:/Users/ihar/.m2/repository/org/codehaus/mojo/animal-sniffer-annotations/1.14/animal-sniffer-annotations-1.14.jar:/Users/ihar/.m2/repository/com/squareup/okhttp3/okhttp/3.11.0/okhttp-3.11.0.jar:/Users/ihar/.m2/repository/com/squareup/okio/okio/1.14.0/okio-1.14.0.jar:/Users/ihar/.m2/repository/org/testng/testng/7.0.0/testng-7.0.0.jar:/Users/ihar/.m2/repository/com/beust/jcommander/1.72/jcommander-1.72.jar:/Users/ihar/.m2/repository/io/github/bonigarcia/webdrivermanager/5.3.2/webdrivermanager-5.3.2.jar:/Users/ihar/.m2/repository/org/slf4j/slf4j-api/2.0.6/slf4j-api-2.0.6.jar:/Users/ihar/.m2/repository/com/google/code/gson/gson/2.10.1/gson-2.10.1.jar:/Users/ihar/.m2/repository/com/github/docker-java/docker-java/3.2.14/docker-java-3.2.14.jar:/Users/ihar/.m2/repository/com/github/docker-java/docker-java-core/3.2.14/docker-java-core-3.2.14.jar:/Users/ihar/.m2/repository/com/github/docker-java/docker-java-api/3.2.14/docker-java-api-3.2.14.jar:/Users/ihar/.m2/repository/com/fasterxml/jackson/core/jackson-annotations/2.10.3/jackson-annotations-2.10.3.jar:/Users/ihar/.m2/repository/commons-io/commons-io/2.6/commons-io-2.6.jar:/Users/ihar/.m2/repository/org/apache/commons/commons-compress/1.21/commons-compress-1.21.jar:/Users/ihar/.m2/repository/com/fasterxml/jackson/core/jackson-databind/2.10.3/jackson-databind-2.10.3.jar:/Users/ihar/.m2/repository/com/fasterxml/jackson/core/jackson-core/2.10.3/jackson-core-2.10.3.jar:/Users/ihar/.m2/repository/org/bouncycastle/bcpkix-jdk15on/1.64/bcpkix-jdk15on-1.64.jar:/Users/ihar/.m2/repository/org/bouncycastle/bcprov-jdk15on/1.64/bcprov-jdk15on-1.64.jar:/Users/ihar/.m2/repository/org/slf4j/jcl-over-slf4j/1.7.30/jcl-over-slf4j-1.7.30.jar:/Users/ihar/.m2/repository/com/github/docker-java/docker-java-transport-httpclient5/3.2.14/docker-java-transport-httpclient5-3.2.14.jar:/Users/ihar/.m2/repository/com/github/docker-java/docker-java-transport/3.2.14/docker-java-transport-3.2.14.jar:/Users/ihar/.m2/repository/net/java/dev/jna/jna/5.12.1/jna-5.12.1.jar:/Users/ihar/.m2/repository/org/brotli/dec/0.1.2/dec-0.1.2.jar:/Users/ihar/.m2/repository/org/apache/commons/commons-lang3/3.12.0/commons-lang3-3.12.0.jar:/Users/ihar/.m2/repository/org/apache/httpcomponents/client5/httpclient5/5.2.1/httpclient5-5.2.1.jar:/Users/ihar/.m2/repository/org/apache/httpcomponents/core5/httpcore5/5.2/httpcore5-5.2.jar:/Users/ihar/.m2/repository/org/apache/httpcomponents/core5/httpcore5-h2/5.2/httpcore5-h2-5.2.jar:/Users/ihar/.m2/repository/org/projectlombok/lombok/1.18.26/lombok-1.18.26.jar:/Users/ihar/.m2/repository/io/rest-assured/rest-assured/5.3.0/rest-assured-5.3.0.jar:/Users/ihar/.m2/repository/org/apache/groovy/groovy/4.0.6/groovy-4.0.6.jar:/Users/ihar/.m2/repository/org/apache/groovy/groovy-xml/4.0.6/groovy-xml-4.0.6.jar:/Users/ihar/.m2/repository/org/apache/httpcomponents/httpclient/4.5.13/httpclient-4.5.13.jar:/Users/ihar/.m2/repository/org/apache/httpcomponents/httpcore/4.4.13/httpcore-4.4.13.jar:/Users/ihar/.m2/repository/commons-logging/commons-logging/1.2/commons-logging-1.2.jar:/Users/ihar/.m2/repository/commons-codec/commons-codec/1.11/commons-codec-1.11.jar:/Users/ihar/.m2/repository/org/apache/httpcomponents/httpmime/4.5.13/httpmime-4.5.13.jar:/Users/ihar/.m2/repository/org/hamcrest/hamcrest/2.1/hamcrest-2.1.jar:/Users/ihar/.m2/repository/org/ccil/cowan/tagsoup/tagsoup/1.2.1/tagsoup-1.2.1.jar:/Users/ihar/.m2/repository/io/rest-assured/json-path/5.3.0/json-path-5.3.0.jar:/Users/ihar/.m2/repository/org/apache/groovy/groovy-json/4.0.6/groovy-json-4.0.6.jar:/Users/ihar/.m2/repository/io/rest-assured/rest-assured-common/5.3.0/rest-assured-common-5.3.0.jar:/Users/ihar/.m2/repository/io/rest-assured/xml-path/5.3.0/xml-path-5.3.0.jar:/Users/ihar/.m2/repository/org/springframework/spring-web/6.0.5/spring-web-6.0.5.jar:/Users/ihar/.m2/repository/org/springframework/spring-beans/6.0.5/spring-beans-6.0.5.jar:/Users/ihar/.m2/repository/org/springframework/spring-core/6.0.5/spring-core-6.0.5.jar:/Users/ihar/.m2/repository/org/springframework/spring-jcl/6.0.5/spring-jcl-6.0.5.jar:/Users/ihar/.m2/repository/io/micrometer/micrometer-observation/1.10.4/micrometer-observation-1.10.4.jar:/Users/ihar/.m2/repository/io/micrometer/micrometer-commons/1.10.4/micrometer-commons-1.10.4.jar:"/>
    <property name="java.vm.vendor" value="Oracle Corporation"/>
    <property name="sun.arch.data.model" value="64"/>
    <property name="java.vendor.url" value="https://java.oracle.com/"/>
    <property name="os.name" value="Mac OS X"/>
    <property name="java.vm.specification.version" value="19"/>
    <property name="sun.java.launcher" value="SUN_STANDARD"/>
    <property name="user.country" value="BY"/>
    <property name="sun.boot.library.path" value="/Users/ihar/Library/Java/JavaVirtualMachines/openjdk-19.0.2/Contents/Home/lib"/>
    <property name="sun.java.command" value="/Users/ihar/Data/Experiments_code_courses/alfa/target/surefire/surefirebooter4828304785887057985.jar /Users/ihar/Data/Experiments_code_courses/alfa/target/surefire 2023-02-19T14-37-53_895-jvmRun1 surefire16257886284387254864tmp surefire_010518727723952360780tmp"/>
    <property name="http.nonProxyHosts" value="local|*.local|169.254/16|*.169.254/16"/>
    <property name="jdk.debug" value="release"/>
    <property name="surefire.test.class.path" value="/Users/ihar/Data/Experiments_code_courses/alfa/target/test-classes:/Users/ihar/Data/Experiments_code_courses/alfa/target/classes:/Users/ihar/.m2/repository/org/seleniumhq/selenium/selenium-java/3.141.59/selenium-java-3.141.59.jar:/Users/ihar/.m2/repository/org/seleniumhq/selenium/selenium-api/3.141.59/selenium-api-3.141.59.jar:/Users/ihar/.m2/repository/org/seleniumhq/selenium/selenium-chrome-driver/3.141.59/selenium-chrome-driver-3.141.59.jar:/Users/ihar/.m2/repository/org/seleniumhq/selenium/selenium-edge-driver/3.141.59/selenium-edge-driver-3.141.59.jar:/Users/ihar/.m2/repository/org/seleniumhq/selenium/selenium-firefox-driver/3.141.59/selenium-firefox-driver-3.141.59.jar:/Users/ihar/.m2/repository/org/seleniumhq/selenium/selenium-ie-driver/3.141.59/selenium-ie-driver-3.141.59.jar:/Users/ihar/.m2/repository/org/seleniumhq/selenium/selenium-opera-driver/3.141.59/selenium-opera-driver-3.141.59.jar:/Users/ihar/.m2/repository/org/seleniumhq/selenium/selenium-remote-driver/3.141.59/selenium-remote-driver-3.141.59.jar:/Users/ihar/.m2/repository/org/seleniumhq/selenium/selenium-safari-driver/3.141.59/selenium-safari-driver-3.141.59.jar:/Users/ihar/.m2/repository/org/seleniumhq/selenium/selenium-support/3.141.59/selenium-support-3.141.59.jar:/Users/ihar/.m2/repository/net/bytebuddy/byte-buddy/1.8.15/byte-buddy-1.8.15.jar:/Users/ihar/.m2/repository/org/apache/commons/commons-exec/1.3/commons-exec-1.3.jar:/Users/ihar/.m2/repository/com/google/guava/guava/25.0-jre/guava-25.0-jre.jar:/Users/ihar/.m2/repository/com/google/code/findbugs/jsr305/1.3.9/jsr305-1.3.9.jar:/Users/ihar/.m2/repository/org/checkerframework/checker-compat-qual/2.0.0/checker-compat-qual-2.0.0.jar:/Users/ihar/.m2/repository/com/google/errorprone/error_prone_annotations/2.1.3/error_prone_annotations-2.1.3.jar:/Users/ihar/.m2/repository/com/google/j2objc/j2objc-annotations/1.1/j2objc-annotations-1.1.jar:/Users/ihar/.m2/repository/org/codehaus/mojo/animal-sniffer-annotations/1.14/animal-sniffer-annotations-1.14.jar:/Users/ihar/.m2/repository/com/squareup/okhttp3/okhttp/3.11.0/okhttp-3.11.0.jar:/Users/ihar/.m2/repository/com/squareup/okio/okio/1.14.0/okio-1.14.0.jar:/Users/ihar/.m2/repository/org/testng/testng/7.0.0/testng-7.0.0.jar:/Users/ihar/.m2/repository/com/beust/jcommander/1.72/jcommander-1.72.jar:/Users/ihar/.m2/repository/io/github/bonigarcia/webdrivermanager/5.3.2/webdrivermanager-5.3.2.jar:/Users/ihar/.m2/repository/org/slf4j/slf4j-api/2.0.6/slf4j-api-2.0.6.jar:/Users/ihar/.m2/repository/com/google/code/gson/gson/2.10.1/gson-2.10.1.jar:/Users/ihar/.m2/repository/com/github/docker-java/docker-java/3.2.14/docker-java-3.2.14.jar:/Users/ihar/.m2/repository/com/github/docker-java/docker-java-core/3.2.14/docker-java-core-3.2.14.jar:/Users/ihar/.m2/repository/com/github/docker-java/docker-java-api/3.2.14/docker-java-api-3.2.14.jar:/Users/ihar/.m2/repository/com/fasterxml/jackson/core/jackson-annotations/2.10.3/jackson-annotations-2.10.3.jar:/Users/ihar/.m2/repository/commons-io/commons-io/2.6/commons-io-2.6.jar:/Users/ihar/.m2/repository/org/apache/commons/commons-compress/1.21/commons-compress-1.21.jar:/Users/ihar/.m2/repository/com/fasterxml/jackson/core/jackson-databind/2.10.3/jackson-databind-2.10.3.jar:/Users/ihar/.m2/repository/com/fasterxml/jackson/core/jackson-core/2.10.3/jackson-core-2.10.3.jar:/Users/ihar/.m2/repository/org/bouncycastle/bcpkix-jdk15on/1.64/bcpkix-jdk15on-1.64.jar:/Users/ihar/.m2/repository/org/bouncycastle/bcprov-jdk15on/1.64/bcprov-jdk15on-1.64.jar:/Users/ihar/.m2/repository/org/slf4j/jcl-over-slf4j/1.7.30/jcl-over-slf4j-1.7.30.jar:/Users/ihar/.m2/repository/com/github/docker-java/docker-java-transport-httpclient5/3.2.14/docker-java-transport-httpclient5-3.2.14.jar:/Users/ihar/.m2/repository/com/github/docker-java/docker-java-transport/3.2.14/docker-java-transport-3.2.14.jar:/Users/ihar/.m2/repository/net/java/dev/jna/jna/5.12.1/jna-5.12.1.jar:/Users/ihar/.m2/repository/org/brotli/dec/0.1.2/dec-0.1.2.jar:/Users/ihar/.m2/repository/org/apache/commons/commons-lang3/3.12.0/commons-lang3-3.12.0.jar:/Users/ihar/.m2/repository/org/apache/httpcomponents/client5/httpclient5/5.2.1/httpclient5-5.2.1.jar:/Users/ihar/.m2/repository/org/apache/httpcomponents/core5/httpcore5/5.2/httpcore5-5.2.jar:/Users/ihar/.m2/repository/org/apache/httpcomponents/core5/httpcore5-h2/5.2/httpcore5-h2-5.2.jar:/Users/ihar/.m2/repository/org/projectlombok/lombok/1.18.26/lombok-1.18.26.jar:/Users/ihar/.m2/repository/io/rest-assured/rest-assured/5.3.0/rest-assured-5.3.0.jar:/Users/ihar/.m2/repository/org/apache/groovy/groovy/4.0.6/groovy-4.0.6.jar:/Users/ihar/.m2/repository/org/apache/groovy/groovy-xml/4.0.6/groovy-xml-4.0.6.jar:/Users/ihar/.m2/repository/org/apache/httpcomponents/httpclient/4.5.13/httpclient-4.5.13.jar:/Users/ihar/.m2/repository/org/apache/httpcomponents/httpcore/4.4.13/httpcore-4.4.13.jar:/Users/ihar/.m2/repository/commons-logging/commons-logging/1.2/commons-logging-1.2.jar:/Users/ihar/.m2/repository/commons-codec/commons-codec/1.11/commons-codec-1.11.jar:/Users/ihar/.m2/repository/org/apache/httpcomponents/httpmime/4.5.13/httpmime-4.5.13.jar:/Users/ihar/.m2/repository/org/hamcrest/hamcrest/2.1/hamcrest-2.1.jar:/Users/ihar/.m2/repository/org/ccil/cowan/tagsoup/tagsoup/1.2.1/tagsoup-1.2.1.jar:/Users/ihar/.m2/repository/io/rest-assured/json-path/5.3.0/json-path-5.3.0.jar:/Users/ihar/.m2/repository/org/apache/groovy/groovy-json/4.0.6/groovy-json-4.0.6.jar:/Users/ihar/.m2/repository/io/rest-assured/rest-assured-common/5.3.0/rest-assured-common-5.3.0.jar:/Users/ihar/.m2/repository/io/rest-assured/xml-path/5.3.0/xml-path-5.3.0.jar:/Users/ihar/.m2/repository/org/springframework/spring-web/6.0.5/spring-web-6.0.5.jar:/Users/ihar/.m2/repository/org/springframework/spring-beans/6.0.5/spring-beans-6.0.5.jar:/Users/ihar/.m2/repository/org/springframework/spring-core/6.0.5/spring-core-6.0.5.jar:/Users/ihar/.m2/repository/org/springframework/spring-jcl/6.0.5/spring-jcl-6.0.5.jar:/Users/ihar/.m2/repository/io/micrometer/micrometer-observation/1.10.4/micrometer-observation-1.10.4.jar:/Users/ihar/.m2/repository/io/micrometer/micrometer-commons/1.10.4/micrometer-commons-1.10.4.jar:"/>
    <property name="sun.cpu.endian" value="little"/>
    <property name="user.home" value="/Users/ihar"/>
    <property name="user.language" value="en"/>
    <property name="java.specification.vendor" value="Oracle Corporation"/>
    <property name="java.version.date" value="2023-01-17"/>
    <property name="java.home" value="/Users/ihar/Library/Java/JavaVirtualMachines/openjdk-19.0.2/Contents/Home"/>
    <property name="file.separator" value="/"/>
    <property name="basedir" value="/Users/ihar/Data/Experiments_code_courses/alfa"/>
    <property name="java.vm.compressedOopsMode" value="Zero based"/>
    <property name="line.separator" value="&#10;"/>
    <property name="java.vm.specification.vendor" value="Oracle Corporation"/>
    <property name="java.specification.name" value="Java Platform API Specification"/>
    <property name="apple.awt.application.name" value="ForkedBooter"/>
    <property name="surefire.real.class.path" value="/Users/ihar/Data/Experiments_code_courses/alfa/target/surefire/surefirebooter4828304785887057985.jar"/>
    <property name="sun.management.compiler" value="HotSpot 64-Bit Tiered Compilers"/>
    <property name="ftp.nonProxyHosts" value="local|*.local|169.254/16|*.169.254/16"/>
    <property name="java.runtime.version" value="19.0.2+7-44"/>
    <property name="user.name" value="ihar"/>
    <property name="stdout.encoding" value="UTF-8"/>
    <property name="path.separator" value=":"/>
    <property name="os.version" value="13.1"/>
    <property name="java.runtime.name" value="OpenJDK Runtime Environment"/>
    <property name="file.encoding" value="UTF-8"/>
    <property name="java.vm.name" value="OpenJDK 64-Bit Server VM"/>
    <property name="localRepository" value="/Users/ihar/.m2/repository"/>
    <property name="java.vendor.url.bug" value="https://bugreport.java.com/bugreport/"/>
    <property name="java.io.tmpdir" value="/var/folders/r3/64949w294hg86yk4d380hkf80000gn/T/"/>
    <property name="idea.version" value="2022.3.1"/>
    <property name="java.version" value="19.0.2"/>
    <property name="user.dir" value="/Users/ihar/Data/Experiments_code_courses/alfa"/>
    <property name="os.arch" value="aarch64"/>
    <property name="java.vm.specification.name" value="Java Virtual Machine Specification"/>
    <property name="native.encoding" value="UTF-8"/>
    <property name="java.library.path" value="/Users/ihar/Library/Java/Extensions:/Library/Java/Extensions:/Network/Library/Java/Extensions:/System/Library/Java/Extensions:/usr/lib/java:."/>
    <property name="java.vm.info" value="mixed mode, sharing"/>
    <property name="stderr.encoding" value="UTF-8"/>
    <property name="java.vendor" value="Oracle Corporation"/>
    <property name="java.vm.version" value="19.0.2+7-44"/>
    <property name="sun.io.unicode.encoding" value="UnicodeBig"/>
    <property name="socksNonProxyHosts" value="local|*.local|169.254/16|*.169.254/16"/>
    <property name="java.class.version" value="63.0"/>
  </properties>
  <testcase name="errorDisplaying" classname="ui.mainPage.ErrorDisplayingTest" time="0.157"/>
  <testcase name="calculateButton" classname="ui.mainPage.ContentTest" time="0.029"/>
  <testcase name="headerTitle" classname="ui.mainPage.ContentTest" time="0.045"/>
  <testcase name="inputField" classname="ui.mainPage.ContentTest" time="0.032"/>
  <testcase name="resultDisplayingFormat" classname="ui.mainPage.ResultDisplayingTest" time="0.519"/>
  <testcase name="resultDisplayingFormat" classname="ui.mainPage.ResultDisplayingTest" time="0.611"/>
  <testcase name="resultDisplayingFormat" classname="ui.mainPage.ResultDisplayingTest" time="0.615">
    <failure message="expected [The factorial of 270 is: 6662114104669102659441021975736134627769448930279862933653218630551948003511087832565415828448678280273978753617211105330479503215391395051285941411676952807468659285639696303194016356426102905293246092874474761645912856695644240665245982604485191327580894984261640512855484243841384335849362695123615035750935706878324574737858489512861092219029899373726694555642915186832331932293272162921969108837665231946747134114678139970333858780786306763062986052579371266852134060032000000000000000000000000000000000000000000000000000000000000000000] but found [The factorial of 270 is: Infinity]" type="java.lang.AssertionError">java.lang.AssertionError: expected [The factorial of 270 is: 6662114104669102659441021975736134627769448930279862933653218630551948003511087832565415828448678280273978753617211105330479503215391395051285941411676952807468659285639696303194016356426102905293246092874474761645912856695644240665245982604485191327580894984261640512855484243841384335849362695123615035750935706878324574737858489512861092219029899373726694555642915186832331932293272162921969108837665231946747134114678139970333858780786306763062986052579371266852134060032000000000000000000000000000000000000000000000000000000000000000000] but found [The factorial of 270 is: Infinity]
	at ui.mainPage.ResultDisplayingTest.resultDisplayingFormat(ResultDisplayingTest.java:36)
</failure>
  </testcase>
  <testcase name="resultDisplayingFormat" classname="ui.mainPage.ResultDisplayingTest" time="9.147">
    <failure message="Expected condition failed: waiting for org.openqa.selenium.support.ui.ExpectedConditions$$Lambda$722/0x000000080122d088@750f7673 (tried for 10 second(s) with 500 milliseconds interval)&#10;Build info: version: &apos;3.141.59&apos;, revision: &apos;e82be7d358&apos;, time: &apos;2018-11-14T08:17:03&apos;&#10;System info: host: &apos;Ihars-MacBook-Pro.local&apos;, ip: &apos;fe80:0:0:0:10d6:3f9a:a43:146c%en0&apos;, os.name: &apos;Mac OS X&apos;, os.arch: &apos;aarch64&apos;, os.version: &apos;13.1&apos;, java.version: &apos;19.0.2&apos;&#10;Driver info: org.openqa.selenium.chrome.ChromeDriver&#10;Capabilities {acceptInsecureCerts: false, browserName: chrome, browserVersion: 109.0.5414.119, chrome: {chromedriverVersion: 109.0.5414.74 (e7c5703604da..., userDataDir: /var/folders/r3/64949w294hg...}, goog:chromeOptions: {debuggerAddress: localhost:52182}, javascriptEnabled: true, networkConnectionEnabled: false, pageLoadStrategy: normal, platform: MAC, platformName: MAC, proxy: Proxy(), setWindowRect: true, strictFileInteractability: false, timeouts: {implicit: 0, pageLoad: 300000, script: 30000}, unhandledPromptBehavior: dismiss and notify, webauthn:extension:credBlob: true, webauthn:extension:largeBlob: true, webauthn:virtualAuthenticators: true}&#10;Session ID: cbb91e7c789dac7c2e05c68999f1a459" type="org.openqa.selenium.TimeoutException">org.openqa.selenium.TimeoutException: 
Expected condition failed: waiting for org.openqa.selenium.support.ui.ExpectedConditions$$Lambda$722/0x000000080122d088@750f7673 (tried for 10 second(s) with 500 milliseconds interval)
Build info: version: '3.141.59', revision: 'e82be7d358', time: '2018-11-14T08:17:03'
System info: host: 'Ihars-MacBook-Pro.local', ip: 'fe80:0:0:0:10d6:3f9a:a43:146c%en0', os.name: 'Mac OS X', os.arch: 'aarch64', os.version: '13.1', java.version: '19.0.2'
Driver info: org.openqa.selenium.chrome.ChromeDriver
Capabilities {acceptInsecureCerts: false, browserName: chrome, browserVersion: 109.0.5414.119, chrome: {chromedriverVersion: 109.0.5414.74 (e7c5703604da..., userDataDir: /var/folders/r3/64949w294hg...}, goog:chromeOptions: {debuggerAddress: localhost:52182}, javascriptEnabled: true, networkConnectionEnabled: false, pageLoadStrategy: normal, platform: MAC, platformName: MAC, proxy: Proxy(), setWindowRect: true, strictFileInteractability: false, timeouts: {implicit: 0, pageLoad: 300000, script: 30000}, unhandledPromptBehavior: dismiss and notify, webauthn:extension:credBlob: true, webauthn:extension:largeBlob: true, webauthn:virtualAuthenticators: true}
Session ID: cbb91e7c789dac7c2e05c68999f1a459
	at ui.mainPage.ResultDisplayingTest.resultDisplayingFormat(ResultDisplayingTest.java:34)
</failure>
  </testcase>
  <testcase name="inputDataTypeValidation" classname="ui.mainPage.InputDataTypeTest" time="0.168"/>
  <testcase name="inputDataTypeValidation" classname="ui.mainPage.InputDataTypeTest" time="0.105"/>
  <testcase name="inputDataTypeValidation" classname="ui.mainPage.InputDataTypeTest" time="0.103"/>
  <testcase name="inputDataTypeValidation" classname="ui.mainPage.InputDataTypeTest" time="0.08"/>
  <testcase name="inputDataTypeValidation" classname="ui.mainPage.InputDataTypeTest" time="10.203">
    <failure message="Expected condition failed: waiting for org.openqa.selenium.support.ui.ExpectedConditions$$Lambda$722/0x000000080122d088@2a174631 (tried for 10 second(s) with 500 milliseconds interval)&#10;Build info: version: &apos;3.141.59&apos;, revision: &apos;e82be7d358&apos;, time: &apos;2018-11-14T08:17:03&apos;&#10;System info: host: &apos;Ihars-MacBook-Pro.local&apos;, ip: &apos;fe80:0:0:0:10d6:3f9a:a43:146c%en0&apos;, os.name: &apos;Mac OS X&apos;, os.arch: &apos;aarch64&apos;, os.version: &apos;13.1&apos;, java.version: &apos;19.0.2&apos;&#10;Driver info: org.openqa.selenium.chrome.ChromeDriver&#10;Capabilities {acceptInsecureCerts: false, browserName: chrome, browserVersion: 109.0.5414.119, chrome: {chromedriverVersion: 109.0.5414.74 (e7c5703604da..., userDataDir: /var/folders/r3/64949w294hg...}, goog:chromeOptions: {debuggerAddress: localhost:52184}, javascriptEnabled: true, networkConnectionEnabled: false, pageLoadStrategy: normal, platform: MAC, platformName: MAC, proxy: Proxy(), setWindowRect: true, strictFileInteractability: false, timeouts: {implicit: 0, pageLoad: 300000, script: 30000}, unhandledPromptBehavior: dismiss and notify, webauthn:extension:credBlob: true, webauthn:extension:largeBlob: true, webauthn:virtualAuthenticators: true}&#10;Session ID: 868106926a40cf86daa4247111c7aabf" type="org.openqa.selenium.TimeoutException">org.openqa.selenium.TimeoutException: 
Expected condition failed: waiting for org.openqa.selenium.support.ui.ExpectedConditions$$Lambda$722/0x000000080122d088@2a174631 (tried for 10 second(s) with 500 milliseconds interval)
Build info: version: '3.141.59', revision: 'e82be7d358', time: '2018-11-14T08:17:03'
System info: host: 'Ihars-MacBook-Pro.local', ip: 'fe80:0:0:0:10d6:3f9a:a43:146c%en0', os.name: 'Mac OS X', os.arch: 'aarch64', os.version: '13.1', java.version: '19.0.2'
Driver info: org.openqa.selenium.chrome.ChromeDriver
Capabilities {acceptInsecureCerts: false, browserName: chrome, browserVersion: 109.0.5414.119, chrome: {chromedriverVersion: 109.0.5414.74 (e7c5703604da..., userDataDir: /var/folders/r3/64949w294hg...}, goog:chromeOptions: {debuggerAddress: localhost:52184}, javascriptEnabled: true, networkConnectionEnabled: false, pageLoadStrategy: normal, platform: MAC, platformName: MAC, proxy: Proxy(), setWindowRect: true, strictFileInteractability: false, timeouts: {implicit: 0, pageLoad: 300000, script: 30000}, unhandledPromptBehavior: dismiss and notify, webauthn:extension:credBlob: true, webauthn:extension:largeBlob: true, webauthn:virtualAuthenticators: true}
Session ID: 868106926a40cf86daa4247111c7aabf
	at ui.mainPage.InputDataTypeTest.inputDataTypeValidation(InputDataTypeTest.java:35)
</failure>
  </testcase>
  <testcase name="calculationTest" classname="api.FactorialCalculationTest" time="2.911"/>
  <testcase name="calculationTest" classname="api.FactorialCalculationTest" time="1.921">
    <failure message="1 expectation failed.&#10;Expected status code &lt;200&gt; but was &lt;500&gt;.&#10;" type="java.lang.AssertionError"><![CDATA[java.lang.AssertionError: 
1 expectation failed.
Expected status code <200> but was <500>.

	at api.FactorialCalculationTest.calculationTest(FactorialCalculationTest.java:34)
]]></failure>
  </testcase>
  <testcase name="calculationTest" classname="api.FactorialCalculationTest" time="2.416"/>
  <testcase name="calculationTest" classname="api.FactorialCalculationTest" time="1.169"/>
  <testcase name="calculationTest" classname="api.FactorialCalculationTest" time="1.864"/>
  <testcase name="calculationTest" classname="api.FactorialCalculationTest" time="0.887">
    <failure message="1 expectation failed.&#10;Expected status code &lt;200&gt; but was &lt;500&gt;.&#10;" type="java.lang.AssertionError"><![CDATA[java.lang.AssertionError: 
1 expectation failed.
Expected status code <200> but was <500>.

	at api.FactorialCalculationTest.calculationTest(FactorialCalculationTest.java:34)
]]></failure>
  </testcase>
</testsuite>