<?xml version="1.0" encoding="UTF-8"?>
<testng-results ignored="0" total="19" passed="14" failed="5" skipped="0">
  <reporter-output>
  </reporter-output>
  <suite started-at="2023-02-19T14:37:54 MSK" name="All tests" finished-at="2023-02-19T14:38:31 MSK" duration-ms="37246">
    <groups>
    </groups>
    <test started-at="2023-02-19T14:37:54 MSK" name="UI tests" finished-at="2023-02-19T14:38:15 MSK" duration-ms="21043">
      <class name="ui.mainPage.ResultDisplayingTest">
        <test-method is-config="true" signature="init()[pri:0, instance:ui.mainPage.ResultDisplayingTest@49c43f4e]" started-at="2023-02-19T14:37:54 MSK" name="init" finished-at="2023-02-19T14:37:58 MSK" duration-ms="4149" status="PASS">
          <reporter-output>
          </reporter-output>
        </test-method> <!-- init -->
        <test-method signature="resultDisplayingFormat(int)[pri:0, instance:ui.mainPage.ResultDisplayingTest@49c43f4e]" started-at="2023-02-19T14:37:58 MSK" name="resultDisplayingFormat" data-provider="inputData" finished-at="2023-02-19T14:37:59 MSK" duration-ms="675" status="PASS">
          <params>
            <param index="0">
              <value>
                <![CDATA[4]]>
              </value>
            </param>
          </params>
          <reporter-output>
          </reporter-output>
        </test-method> <!-- resultDisplayingFormat -->
        <test-method is-config="true" signature="init()[pri:0, instance:ui.mainPage.ResultDisplayingTest@49c43f4e]" started-at="2023-02-19T14:37:59 MSK" name="init" finished-at="2023-02-19T14:38:00 MSK" duration-ms="1063" status="PASS">
          <reporter-output>
          </reporter-output>
        </test-method> <!-- init -->
        <test-method signature="resultDisplayingFormat(int)[pri:0, instance:ui.mainPage.ResultDisplayingTest@49c43f4e]" started-at="2023-02-19T14:38:00 MSK" name="resultDisplayingFormat" data-provider="inputData" finished-at="2023-02-19T14:38:00 MSK" duration-ms="611" status="PASS">
          <params>
            <param index="0">
              <value>
                <![CDATA[14]]>
              </value>
            </param>
          </params>
          <reporter-output>
          </reporter-output>
        </test-method> <!-- resultDisplayingFormat -->
        <test-method is-config="true" signature="init()[pri:0, instance:ui.mainPage.ResultDisplayingTest@49c43f4e]" started-at="2023-02-19T14:38:00 MSK" name="init" finished-at="2023-02-19T14:38:01 MSK" duration-ms="487" status="PASS">
          <reporter-output>
          </reporter-output>
        </test-method> <!-- init -->
        <test-method signature="resultDisplayingFormat(int)[pri:0, instance:ui.mainPage.ResultDisplayingTest@49c43f4e]" started-at="2023-02-19T14:38:01 MSK" name="resultDisplayingFormat" data-provider="inputData" finished-at="2023-02-19T14:38:01 MSK" duration-ms="611" status="FAIL">
          <params>
            <param index="0">
              <value>
                <![CDATA[270]]>
              </value>
            </param>
          </params>
          <exception class="java.lang.AssertionError">
            <message>
              <![CDATA[expected [The factorial of 270 is: 6662114104669102659441021975736134627769448930279862933653218630551948003511087832565415828448678280273978753617211105330479503215391395051285941411676952807468659285639696303194016356426102905293246092874474761645912856695644240665245982604485191327580894984261640512855484243841384335849362695123615035750935706878324574737858489512861092219029899373726694555642915186832331932293272162921969108837665231946747134114678139970333858780786306763062986052579371266852134060032000000000000000000000000000000000000000000000000000000000000000000] but found [The factorial of 270 is: Infinity]]]>
            </message>
            <full-stacktrace>
              <![CDATA[java.lang.AssertionError: expected [The factorial of 270 is: 6662114104669102659441021975736134627769448930279862933653218630551948003511087832565415828448678280273978753617211105330479503215391395051285941411676952807468659285639696303194016356426102905293246092874474761645912856695644240665245982604485191327580894984261640512855484243841384335849362695123615035750935706878324574737858489512861092219029899373726694555642915186832331932293272162921969108837665231946747134114678139970333858780786306763062986052579371266852134060032000000000000000000000000000000000000000000000000000000000000000000] but found [The factorial of 270 is: Infinity]
at org.testng.Assert.fail(Assert.java:97)
at org.testng.Assert.assertEqualsImpl(Assert.java:136)
at org.testng.Assert.assertEquals(Assert.java:118)
at org.testng.Assert.assertEquals(Assert.java:575)
at org.testng.Assert.assertEquals(Assert.java:585)
at ui.mainPage.ResultDisplayingTest.resultDisplayingFormat(ResultDisplayingTest.java:36)
at java.base/jdk.internal.reflect.DirectMethodHandleAccessor.invoke(DirectMethodHandleAccessor.java:104)
at java.base/java.lang.reflect.Method.invoke(Method.java:578)
at org.testng.internal.MethodInvocationHelper.invokeMethod(MethodInvocationHelper.java:133)
at org.testng.internal.TestInvoker.invokeMethod(TestInvoker.java:584)
at org.testng.internal.TestInvoker.invokeTestMethod(TestInvoker.java:172)
at org.testng.internal.MethodRunner.runInSequence(MethodRunner.java:46)
at org.testng.internal.TestInvoker$MethodInvocationAgent.invoke(TestInvoker.java:804)
at org.testng.internal.TestInvoker.invokeTestMethods(TestInvoker.java:145)
at org.testng.internal.TestMethodWorker.invokeTestMethods(TestMethodWorker.java:146)
at org.testng.internal.TestMethodWorker.run(TestMethodWorker.java:128)
at java.base/java.util.concurrent.ThreadPoolExecutor.runWorker(ThreadPoolExecutor.java:1144)
at java.base/java.util.concurrent.ThreadPoolExecutor$Worker.run(ThreadPoolExecutor.java:642)
at java.base/java.lang.Thread.run(Thread.java:1589)
]]>
            </full-stacktrace>
          </exception> <!-- java.lang.AssertionError -->
          <reporter-output>
          </reporter-output>
        </test-method> <!-- resultDisplayingFormat -->
        <test-method is-config="true" signature="init()[pri:0, instance:ui.mainPage.ResultDisplayingTest@49c43f4e]" started-at="2023-02-19T14:38:01 MSK" name="init" finished-at="2023-02-19T14:38:04 MSK" duration-ms="2194" status="PASS">
          <reporter-output>
          </reporter-output>
        </test-method> <!-- init -->
        <test-method signature="resultDisplayingFormat(int)[pri:0, instance:ui.mainPage.ResultDisplayingTest@49c43f4e]" started-at="2023-02-19T14:38:04 MSK" name="resultDisplayingFormat" data-provider="inputData" finished-at="2023-02-19T14:38:14 MSK" duration-ms="10107" status="FAIL">
          <params>
            <param index="0">
              <value>
                <![CDATA[1883]]>
              </value>
            </param>
          </params>
          <exception class="org.openqa.selenium.TimeoutException">
            <message>
              <![CDATA[Expected condition failed: waiting for org.openqa.selenium.support.ui.ExpectedConditions$$Lambda$722/0x000000080122d088@750f7673 (tried for 10 second(s) with 500 milliseconds interval)
Build info: version: '3.141.59', revision: 'e82be7d358', time: '2018-11-14T08:17:03'
System info: host: 'Ihars-MacBook-Pro.local', ip: 'fe80:0:0:0:10d6:3f9a:a43:146c%en0', os.name: 'Mac OS X', os.arch: 'aarch64', os.version: '13.1', java.version: '19.0.2'
Driver info: org.openqa.selenium.chrome.ChromeDriver
Capabilities {acceptInsecureCerts: false, browserName: chrome, browserVersion: 109.0.5414.119, chrome: {chromedriverVersion: 109.0.5414.74 (e7c5703604da..., userDataDir: /var/folders/r3/64949w294hg...}, goog:chromeOptions: {debuggerAddress: localhost:52182}, javascriptEnabled: true, networkConnectionEnabled: false, pageLoadStrategy: normal, platform: MAC, platformName: MAC, proxy: Proxy(), setWindowRect: true, strictFileInteractability: false, timeouts: {implicit: 0, pageLoad: 300000, script: 30000}, unhandledPromptBehavior: dismiss and notify, webauthn:extension:credBlob: true, webauthn:extension:largeBlob: true, webauthn:virtualAuthenticators: true}
Session ID: cbb91e7c789dac7c2e05c68999f1a459]]>
            </message>
            <full-stacktrace>
              <![CDATA[org.openqa.selenium.TimeoutException: Expected condition failed: waiting for org.openqa.selenium.support.ui.ExpectedConditions$$Lambda$722/0x000000080122d088@750f7673 (tried for 10 second(s) with 500 milliseconds interval)
Build info: version: '3.141.59', revision: 'e82be7d358', time: '2018-11-14T08:17:03'
System info: host: 'Ihars-MacBook-Pro.local', ip: 'fe80:0:0:0:10d6:3f9a:a43:146c%en0', os.name: 'Mac OS X', os.arch: 'aarch64', os.version: '13.1', java.version: '19.0.2'
Driver info: org.openqa.selenium.chrome.ChromeDriver
Capabilities {acceptInsecureCerts: false, browserName: chrome, browserVersion: 109.0.5414.119, chrome: {chromedriverVersion: 109.0.5414.74 (e7c5703604da..., userDataDir: /var/folders/r3/64949w294hg...}, goog:chromeOptions: {debuggerAddress: localhost:52182}, javascriptEnabled: true, networkConnectionEnabled: false, pageLoadStrategy: normal, platform: MAC, platformName: MAC, proxy: Proxy(), setWindowRect: true, strictFileInteractability: false, timeouts: {implicit: 0, pageLoad: 300000, script: 30000}, unhandledPromptBehavior: dismiss and notify, webauthn:extension:credBlob: true, webauthn:extension:largeBlob: true, webauthn:virtualAuthenticators: true}
Session ID: cbb91e7c789dac7c2e05c68999f1a459
at org.openqa.selenium.support.ui.WebDriverWait.timeoutException(WebDriverWait.java:95)
at org.openqa.selenium.support.ui.FluentWait.until(FluentWait.java:272)
at com.org.page.MainPage.clickCalculationButton(MainPage.java:36)
at ui.mainPage.ResultDisplayingTest.resultDisplayingFormat(ResultDisplayingTest.java:34)
at java.base/jdk.internal.reflect.DirectMethodHandleAccessor.invoke(DirectMethodHandleAccessor.java:104)
at java.base/java.lang.reflect.Method.invoke(Method.java:578)
at org.testng.internal.MethodInvocationHelper.invokeMethod(MethodInvocationHelper.java:133)
at org.testng.internal.TestInvoker.invokeMethod(TestInvoker.java:584)
at org.testng.internal.TestInvoker.invokeTestMethod(TestInvoker.java:172)
at org.testng.internal.MethodRunner.runInSequence(MethodRunner.java:46)
at org.testng.internal.TestInvoker$MethodInvocationAgent.invoke(TestInvoker.java:804)
at org.testng.internal.TestInvoker.invokeTestMethods(TestInvoker.java:145)
at org.testng.internal.TestMethodWorker.invokeTestMethods(TestMethodWorker.java:146)
at org.testng.internal.TestMethodWorker.run(TestMethodWorker.java:128)
at java.base/java.util.concurrent.ThreadPoolExecutor.runWorker(ThreadPoolExecutor.java:1144)
at java.base/java.util.concurrent.ThreadPoolExecutor$Worker.run(ThreadPoolExecutor.java:642)
at java.base/java.lang.Thread.run(Thread.java:1589)
]]>
            </full-stacktrace>
          </exception> <!-- org.openqa.selenium.TimeoutException -->
          <reporter-output>
          </reporter-output>
        </test-method> <!-- resultDisplayingFormat -->
        <test-method is-config="true" signature="quitDriver()[pri:0, instance:ui.mainPage.ResultDisplayingTest@49c43f4e]" started-at="2023-02-19T14:38:14 MSK" name="quitDriver" finished-at="2023-02-19T14:38:14 MSK" duration-ms="73" status="PASS">
          <reporter-output>
          </reporter-output>
        </test-method> <!-- quitDriver -->
      </class> <!-- ui.mainPage.ResultDisplayingTest -->
      <class name="ui.mainPage.InputDataTypeTest">
        <test-method is-config="true" signature="init()[pri:0, instance:ui.mainPage.InputDataTypeTest@799d4f69]" started-at="2023-02-19T14:37:54 MSK" name="init" finished-at="2023-02-19T14:37:59 MSK" duration-ms="5378" status="PASS">
          <reporter-output>
          </reporter-output>
        </test-method> <!-- init -->
        <test-method signature="inputDataTypeValidation(java.lang.String, java.lang.String)[pri:0, instance:ui.mainPage.InputDataTypeTest@799d4f69]" started-at="2023-02-19T14:37:59 MSK" name="inputDataTypeValidation" data-provider="dataTypes" finished-at="2023-02-19T14:37:59 MSK" duration-ms="167" status="PASS">
          <params>
            <param index="0">
              <value>
                <![CDATA[Not int values with dot]]>
              </value>
            </param>
            <param index="1">
              <value>
                <![CDATA[1.1]]>
              </value>
            </param>
          </params>
          <reporter-output>
          </reporter-output>
        </test-method> <!-- inputDataTypeValidation -->
        <test-method is-config="true" signature="init()[pri:0, instance:ui.mainPage.InputDataTypeTest@799d4f69]" started-at="2023-02-19T14:37:59 MSK" name="init" finished-at="2023-02-19T14:38:00 MSK" duration-ms="1126" status="PASS">
          <reporter-output>
          </reporter-output>
        </test-method> <!-- init -->
        <test-method signature="inputDataTypeValidation(java.lang.String, java.lang.String)[pri:0, instance:ui.mainPage.InputDataTypeTest@799d4f69]" started-at="2023-02-19T14:38:00 MSK" name="inputDataTypeValidation" data-provider="dataTypes" finished-at="2023-02-19T14:38:00 MSK" duration-ms="105" status="PASS">
          <params>
            <param index="0">
              <value>
                <![CDATA[Not int values with coma]]>
              </value>
            </param>
            <param index="1">
              <value>
                <![CDATA[1,1]]>
              </value>
            </param>
          </params>
          <reporter-output>
          </reporter-output>
        </test-method> <!-- inputDataTypeValidation -->
        <test-method is-config="true" signature="init()[pri:0, instance:ui.mainPage.InputDataTypeTest@799d4f69]" started-at="2023-02-19T14:38:00 MSK" name="init" finished-at="2023-02-19T14:38:02 MSK" duration-ms="1337" status="PASS">
          <reporter-output>
          </reporter-output>
        </test-method> <!-- init -->
        <test-method signature="inputDataTypeValidation(java.lang.String, java.lang.String)[pri:0, instance:ui.mainPage.InputDataTypeTest@799d4f69]" started-at="2023-02-19T14:38:02 MSK" name="inputDataTypeValidation" data-provider="dataTypes" finished-at="2023-02-19T14:38:02 MSK" duration-ms="103" status="PASS">
          <params>
            <param index="0">
              <value>
                <![CDATA[Not int values with arithmetic sign]]>
              </value>
            </param>
            <param index="1">
              <value>
                <![CDATA[1+1]]>
              </value>
            </param>
          </params>
          <reporter-output>
          </reporter-output>
        </test-method> <!-- inputDataTypeValidation -->
        <test-method is-config="true" signature="init()[pri:0, instance:ui.mainPage.InputDataTypeTest@799d4f69]" started-at="2023-02-19T14:38:02 MSK" name="init" finished-at="2023-02-19T14:38:04 MSK" duration-ms="1780" status="PASS">
          <reporter-output>
          </reporter-output>
        </test-method> <!-- init -->
        <test-method signature="inputDataTypeValidation(java.lang.String, java.lang.String)[pri:0, instance:ui.mainPage.InputDataTypeTest@799d4f69]" started-at="2023-02-19T14:38:04 MSK" name="inputDataTypeValidation" data-provider="dataTypes" finished-at="2023-02-19T14:38:04 MSK" duration-ms="80" status="PASS">
          <params>
            <param index="0">
              <value>
                <![CDATA[Not int values with alphabet sign]]>
              </value>
            </param>
            <param index="1">
              <value>
                <![CDATA[1e]]>
              </value>
            </param>
          </params>
          <reporter-output>
          </reporter-output>
        </test-method> <!-- inputDataTypeValidation -->
        <test-method is-config="true" signature="init()[pri:0, instance:ui.mainPage.InputDataTypeTest@799d4f69]" started-at="2023-02-19T14:38:04 MSK" name="init" finished-at="2023-02-19T14:38:04 MSK" duration-ms="678" status="PASS">
          <reporter-output>
          </reporter-output>
        </test-method> <!-- init -->
        <test-method signature="inputDataTypeValidation(java.lang.String, java.lang.String)[pri:0, instance:ui.mainPage.InputDataTypeTest@799d4f69]" started-at="2023-02-19T14:38:04 MSK" name="inputDataTypeValidation" data-provider="dataTypes" finished-at="2023-02-19T14:38:15 MSK" duration-ms="10203" status="FAIL">
          <params>
            <param index="0">
              <value>
                <![CDATA[Negative values with minus]]>
              </value>
            </param>
            <param index="1">
              <value>
                <![CDATA[-1]]>
              </value>
            </param>
          </params>
          <exception class="org.openqa.selenium.TimeoutException">
            <message>
              <![CDATA[Expected condition failed: waiting for org.openqa.selenium.support.ui.ExpectedConditions$$Lambda$722/0x000000080122d088@2a174631 (tried for 10 second(s) with 500 milliseconds interval)
Build info: version: '3.141.59', revision: 'e82be7d358', time: '2018-11-14T08:17:03'
System info: host: 'Ihars-MacBook-Pro.local', ip: 'fe80:0:0:0:10d6:3f9a:a43:146c%en0', os.name: 'Mac OS X', os.arch: 'aarch64', os.version: '13.1', java.version: '19.0.2'
Driver info: org.openqa.selenium.chrome.ChromeDriver
Capabilities {acceptInsecureCerts: false, browserName: chrome, browserVersion: 109.0.5414.119, chrome: {chromedriverVersion: 109.0.5414.74 (e7c5703604da..., userDataDir: /var/folders/r3/64949w294hg...}, goog:chromeOptions: {debuggerAddress: localhost:52184}, javascriptEnabled: true, networkConnectionEnabled: false, pageLoadStrategy: normal, platform: MAC, platformName: MAC, proxy: Proxy(), setWindowRect: true, strictFileInteractability: false, timeouts: {implicit: 0, pageLoad: 300000, script: 30000}, unhandledPromptBehavior: dismiss and notify, webauthn:extension:credBlob: true, webauthn:extension:largeBlob: true, webauthn:virtualAuthenticators: true}
Session ID: 868106926a40cf86daa4247111c7aabf]]>
            </message>
            <full-stacktrace>
              <![CDATA[org.openqa.selenium.TimeoutException: Expected condition failed: waiting for org.openqa.selenium.support.ui.ExpectedConditions$$Lambda$722/0x000000080122d088@2a174631 (tried for 10 second(s) with 500 milliseconds interval)
Build info: version: '3.141.59', revision: 'e82be7d358', time: '2018-11-14T08:17:03'
System info: host: 'Ihars-MacBook-Pro.local', ip: 'fe80:0:0:0:10d6:3f9a:a43:146c%en0', os.name: 'Mac OS X', os.arch: 'aarch64', os.version: '13.1', java.version: '19.0.2'
Driver info: org.openqa.selenium.chrome.ChromeDriver
Capabilities {acceptInsecureCerts: false, browserName: chrome, browserVersion: 109.0.5414.119, chrome: {chromedriverVersion: 109.0.5414.74 (e7c5703604da..., userDataDir: /var/folders/r3/64949w294hg...}, goog:chromeOptions: {debuggerAddress: localhost:52184}, javascriptEnabled: true, networkConnectionEnabled: false, pageLoadStrategy: normal, platform: MAC, platformName: MAC, proxy: Proxy(), setWindowRect: true, strictFileInteractability: false, timeouts: {implicit: 0, pageLoad: 300000, script: 30000}, unhandledPromptBehavior: dismiss and notify, webauthn:extension:credBlob: true, webauthn:extension:largeBlob: true, webauthn:virtualAuthenticators: true}
Session ID: 868106926a40cf86daa4247111c7aabf
at org.openqa.selenium.support.ui.WebDriverWait.timeoutException(WebDriverWait.java:95)
at org.openqa.selenium.support.ui.FluentWait.until(FluentWait.java:272)
at com.org.page.MainPage.clickCalculationButton(MainPage.java:36)
at ui.mainPage.InputDataTypeTest.inputDataTypeValidation(InputDataTypeTest.java:35)
at java.base/jdk.internal.reflect.DirectMethodHandleAccessor.invoke(DirectMethodHandleAccessor.java:104)
at java.base/java.lang.reflect.Method.invoke(Method.java:578)
at org.testng.internal.MethodInvocationHelper.invokeMethod(MethodInvocationHelper.java:133)
at org.testng.internal.TestInvoker.invokeMethod(TestInvoker.java:584)
at org.testng.internal.TestInvoker.invokeTestMethod(TestInvoker.java:172)
at org.testng.internal.MethodRunner.runInSequence(MethodRunner.java:46)
at org.testng.internal.TestInvoker$MethodInvocationAgent.invoke(TestInvoker.java:804)
at org.testng.internal.TestInvoker.invokeTestMethods(TestInvoker.java:145)
at org.testng.internal.TestMethodWorker.invokeTestMethods(TestMethodWorker.java:146)
at org.testng.internal.TestMethodWorker.run(TestMethodWorker.java:128)
at java.base/java.util.concurrent.ThreadPoolExecutor.runWorker(ThreadPoolExecutor.java:1144)
at java.base/java.util.concurrent.ThreadPoolExecutor$Worker.run(ThreadPoolExecutor.java:642)
at java.base/java.lang.Thread.run(Thread.java:1589)
]]>
            </full-stacktrace>
          </exception> <!-- org.openqa.selenium.TimeoutException -->
          <reporter-output>
          </reporter-output>
        </test-method> <!-- inputDataTypeValidation -->
        <test-method is-config="true" signature="quitDriver()[pri:0, instance:ui.mainPage.InputDataTypeTest@799d4f69]" started-at="2023-02-19T14:38:15 MSK" name="quitDriver" finished-at="2023-02-19T14:38:15 MSK" duration-ms="73" status="PASS">
          <reporter-output>
          </reporter-output>
        </test-method> <!-- quitDriver -->
      </class> <!-- ui.mainPage.InputDataTypeTest -->
      <class name="ui.mainPage.ErrorDisplayingTest">
        <test-method is-config="true" signature="init()[pri:0, instance:ui.mainPage.ErrorDisplayingTest@45afc369]" started-at="2023-02-19T14:37:54 MSK" name="init" finished-at="2023-02-19T14:37:57 MSK" duration-ms="2988" status="PASS">
          <reporter-output>
          </reporter-output>
        </test-method> <!-- init -->
        <test-method signature="errorDisplaying()[pri:0, instance:ui.mainPage.ErrorDisplayingTest@45afc369]" started-at="2023-02-19T14:37:57 MSK" name="errorDisplaying" finished-at="2023-02-19T14:37:57 MSK" duration-ms="157" status="PASS">
          <reporter-output>
          </reporter-output>
        </test-method> <!-- errorDisplaying -->
        <test-method is-config="true" signature="quitDriver()[pri:0, instance:ui.mainPage.ErrorDisplayingTest@45afc369]" started-at="2023-02-19T14:37:57 MSK" name="quitDriver" finished-at="2023-02-19T14:37:57 MSK" duration-ms="70" status="PASS">
          <reporter-output>
          </reporter-output>
        </test-method> <!-- quitDriver -->
      </class> <!-- ui.mainPage.ErrorDisplayingTest -->
      <class name="ui.mainPage.ContentTest">
        <test-method is-config="true" signature="init()[pri:0, instance:ui.mainPage.ContentTest@d6da883]" started-at="2023-02-19T14:37:54 MSK" name="init" finished-at="2023-02-19T14:37:57 MSK" duration-ms="3253" status="PASS">
          <reporter-output>
          </reporter-output>
        </test-method> <!-- init -->
        <test-method signature="calculateButton()[pri:0, instance:ui.mainPage.ContentTest@d6da883]" started-at="2023-02-19T14:37:57 MSK" name="calculateButton" finished-at="2023-02-19T14:37:57 MSK" duration-ms="29" status="PASS">
          <reporter-output>
          </reporter-output>
        </test-method> <!-- calculateButton -->
        <test-method is-config="true" signature="init()[pri:0, instance:ui.mainPage.ContentTest@d6da883]" started-at="2023-02-19T14:37:57 MSK" name="init" finished-at="2023-02-19T14:37:57 MSK" duration-ms="500" status="PASS">
          <reporter-output>
          </reporter-output>
        </test-method> <!-- init -->
        <test-method signature="headerTitle()[pri:0, instance:ui.mainPage.ContentTest@d6da883]" started-at="2023-02-19T14:37:58 MSK" name="headerTitle" finished-at="2023-02-19T14:37:58 MSK" duration-ms="44" status="PASS">
          <reporter-output>
          </reporter-output>
        </test-method> <!-- headerTitle -->
        <test-method is-config="true" signature="init()[pri:0, instance:ui.mainPage.ContentTest@d6da883]" started-at="2023-02-19T14:37:58 MSK" name="init" finished-at="2023-02-19T14:37:58 MSK" duration-ms="478" status="PASS">
          <reporter-output>
          </reporter-output>
        </test-method> <!-- init -->
        <test-method signature="inputField()[pri:0, instance:ui.mainPage.ContentTest@d6da883]" started-at="2023-02-19T14:37:58 MSK" name="inputField" finished-at="2023-02-19T14:37:58 MSK" duration-ms="32" status="PASS">
          <reporter-output>
          </reporter-output>
        </test-method> <!-- inputField -->
        <test-method is-config="true" signature="quitDriver()[pri:0, instance:ui.mainPage.ContentTest@d6da883]" started-at="2023-02-19T14:37:58 MSK" name="quitDriver" finished-at="2023-02-19T14:37:58 MSK" duration-ms="70" status="PASS">
          <reporter-output>
          </reporter-output>
        </test-method> <!-- quitDriver -->
      </class> <!-- ui.mainPage.ContentTest -->
    </test> <!-- UI tests -->
    <test started-at="2023-02-19T14:38:20 MSK" name="API tests" finished-at="2023-02-19T14:38:31 MSK" duration-ms="11169">
      <class name="api.FactorialCalculationTest">
        <test-method signature="calculationTest(int)[pri:0, instance:api.FactorialCalculationTest@314c508a]" started-at="2023-02-19T14:38:20 MSK" name="calculationTest" data-provider="inputData" finished-at="2023-02-19T14:38:23 MSK" duration-ms="2911" status="PASS">
          <params>
            <param index="0">
              <value>
                <![CDATA[0]]>
              </value>
            </param>
          </params>
          <reporter-output>
          </reporter-output>
        </test-method> <!-- calculationTest -->
        <test-method signature="calculationTest(int)[pri:0, instance:api.FactorialCalculationTest@314c508a]" started-at="2023-02-19T14:38:23 MSK" name="calculationTest" data-provider="inputData" finished-at="2023-02-19T14:38:25 MSK" duration-ms="1920" status="FAIL">
          <params>
            <param index="0">
              <value>
                <![CDATA[-1]]>
              </value>
            </param>
          </params>
          <exception class="java.lang.AssertionError">
            <message>
              <![CDATA[1 expectation failed.
Expected status code <200> but was <500>.
]]>
            </message>
            <full-stacktrace>
              <![CDATA[java.lang.AssertionError: 1 expectation failed.
Expected status code <200> but was <500>.

at java.base/jdk.internal.reflect.DirectConstructorHandleAccessor.newInstance(DirectConstructorHandleAccessor.java:67)
at java.base/java.lang.reflect.Constructor.newInstanceWithCaller(Constructor.java:500)
at java.base/java.lang.reflect.Constructor.newInstance(Constructor.java:484)
at org.codehaus.groovy.reflection.CachedConstructor.invoke(CachedConstructor.java:73)
at org.codehaus.groovy.runtime.callsite.ConstructorSite$ConstructorSiteNoUnwrapNoCoerce.callConstructor(ConstructorSite.java:108)
at org.codehaus.groovy.runtime.callsite.CallSiteArray.defaultCallConstructor(CallSiteArray.java:57)
at org.codehaus.groovy.runtime.callsite.AbstractCallSite.callConstructor(AbstractCallSite.java:263)
at org.codehaus.groovy.runtime.callsite.AbstractCallSite.callConstructor(AbstractCallSite.java:277)
at io.restassured.internal.ResponseSpecificationImpl$HamcrestAssertionClosure.validate(ResponseSpecificationImpl.groovy:512)
at io.restassured.internal.ResponseSpecificationImpl$HamcrestAssertionClosure$validate$1.call(Unknown Source)
at io.restassured.internal.ResponseSpecificationImpl.validateResponseIfRequired(ResponseSpecificationImpl.groovy:696)
at io.restassured.internal.ResponseSpecificationImpl.this$2$validateResponseIfRequired(ResponseSpecificationImpl.groovy)
at java.base/jdk.internal.reflect.DirectMethodHandleAccessor.invoke(DirectMethodHandleAccessor.java:104)
at java.base/java.lang.reflect.Method.invoke(Method.java:578)
at org.codehaus.groovy.runtime.callsite.PlainObjectMetaMethodSite.doInvoke(PlainObjectMetaMethodSite.java:43)
at org.codehaus.groovy.runtime.callsite.PogoMetaMethodSite$PogoCachedMethodSiteNoUnwrapNoCoerce.invoke(PogoMetaMethodSite.java:198)
at org.codehaus.groovy.runtime.callsite.PogoMetaMethodSite.callCurrent(PogoMetaMethodSite.java:62)
at org.codehaus.groovy.runtime.callsite.AbstractCallSite.callCurrent(AbstractCallSite.java:185)
at io.restassured.internal.ResponseSpecificationImpl.statusCode(ResponseSpecificationImpl.groovy:135)
at io.restassured.specification.ResponseSpecification$statusCode$0.callCurrent(Unknown Source)
at io.restassured.internal.ResponseSpecificationImpl.statusCode(ResponseSpecificationImpl.groovy:143)
at io.restassured.internal.ValidatableResponseOptionsImpl.statusCode(ValidatableResponseOptionsImpl.java:89)
at api.FactorialCalculationTest.calculationTest(FactorialCalculationTest.java:34)
at java.base/jdk.internal.reflect.DirectMethodHandleAccessor.invoke(DirectMethodHandleAccessor.java:104)
at java.base/java.lang.reflect.Method.invoke(Method.java:578)
at org.testng.internal.MethodInvocationHelper.invokeMethod(MethodInvocationHelper.java:133)
at org.testng.internal.TestInvoker.invokeMethod(TestInvoker.java:584)
at org.testng.internal.TestInvoker.invokeTestMethod(TestInvoker.java:172)
at org.testng.internal.MethodRunner.runInSequence(MethodRunner.java:46)
at org.testng.internal.TestInvoker$MethodInvocationAgent.invoke(TestInvoker.java:804)
at org.testng.internal.TestInvoker.invokeTestMethods(TestInvoker.java:145)
at org.testng.internal.TestMethodWorker.invokeTestMethods(TestMethodWorker.java:146)
at org.testng.internal.TestMethodWorker.run(TestMethodWorker.java:128)
at java.base/java.util.concurrent.ThreadPoolExecutor.runWorker(ThreadPoolExecutor.java:1144)
at java.base/java.util.concurrent.ThreadPoolExecutor$Worker.run(ThreadPoolExecutor.java:642)
at java.base/java.lang.Thread.run(Thread.java:1589)
]]>
            </full-stacktrace>
          </exception> <!-- java.lang.AssertionError -->
          <reporter-output>
          </reporter-output>
        </test-method> <!-- calculationTest -->
        <test-method signature="calculationTest(int)[pri:0, instance:api.FactorialCalculationTest@314c508a]" started-at="2023-02-19T14:38:25 MSK" name="calculationTest" data-provider="inputData" finished-at="2023-02-19T14:38:27 MSK" duration-ms="2416" status="PASS">
          <params>
            <param index="0">
              <value>
                <![CDATA[1]]>
              </value>
            </param>
          </params>
          <reporter-output>
          </reporter-output>
        </test-method> <!-- calculationTest -->
        <test-method signature="calculationTest(int)[pri:0, instance:api.FactorialCalculationTest@314c508a]" started-at="2023-02-19T14:38:27 MSK" name="calculationTest" data-provider="inputData" finished-at="2023-02-19T14:38:28 MSK" duration-ms="1169" status="PASS">
          <params>
            <param index="0">
              <value>
                <![CDATA[13]]>
              </value>
            </param>
          </params>
          <reporter-output>
          </reporter-output>
        </test-method> <!-- calculationTest -->
        <test-method signature="calculationTest(int)[pri:0, instance:api.FactorialCalculationTest@314c508a]" started-at="2023-02-19T14:38:28 MSK" name="calculationTest" data-provider="inputData" finished-at="2023-02-19T14:38:30 MSK" duration-ms="1863" status="PASS">
          <params>
            <param index="0">
              <value>
                <![CDATA[256]]>
              </value>
            </param>
          </params>
          <reporter-output>
          </reporter-output>
        </test-method> <!-- calculationTest -->
        <test-method signature="calculationTest(int)[pri:0, instance:api.FactorialCalculationTest@314c508a]" started-at="2023-02-19T14:38:30 MSK" name="calculationTest" data-provider="inputData" finished-at="2023-02-19T14:38:31 MSK" duration-ms="887" status="FAIL">
          <params>
            <param index="0">
              <value>
                <![CDATA[2000]]>
              </value>
            </param>
          </params>
          <exception class="java.lang.AssertionError">
            <message>
              <![CDATA[1 expectation failed.
Expected status code <200> but was <500>.
]]>
            </message>
            <full-stacktrace>
              <![CDATA[java.lang.AssertionError: 1 expectation failed.
Expected status code <200> but was <500>.

at java.base/jdk.internal.reflect.DirectConstructorHandleAccessor.newInstance(DirectConstructorHandleAccessor.java:67)
at java.base/java.lang.reflect.Constructor.newInstanceWithCaller(Constructor.java:500)
at java.base/java.lang.reflect.Constructor.newInstance(Constructor.java:484)
at org.codehaus.groovy.reflection.CachedConstructor.invoke(CachedConstructor.java:73)
at org.codehaus.groovy.runtime.callsite.ConstructorSite$ConstructorSiteNoUnwrapNoCoerce.callConstructor(ConstructorSite.java:108)
at org.codehaus.groovy.runtime.callsite.AbstractCallSite.callConstructor(AbstractCallSite.java:277)
at io.restassured.internal.ResponseSpecificationImpl$HamcrestAssertionClosure.validate(ResponseSpecificationImpl.groovy:512)
at io.restassured.internal.ResponseSpecificationImpl$HamcrestAssertionClosure$validate$1.call(Unknown Source)
at io.restassured.internal.ResponseSpecificationImpl.validateResponseIfRequired(ResponseSpecificationImpl.groovy:696)
at io.restassured.internal.ResponseSpecificationImpl.this$2$validateResponseIfRequired(ResponseSpecificationImpl.groovy)
at java.base/jdk.internal.reflect.DirectMethodHandleAccessor.invoke(DirectMethodHandleAccessor.java:104)
at java.base/java.lang.reflect.Method.invoke(Method.java:578)
at org.codehaus.groovy.runtime.callsite.PlainObjectMetaMethodSite.doInvoke(PlainObjectMetaMethodSite.java:43)
at org.codehaus.groovy.runtime.callsite.PogoMetaMethodSite$PogoCachedMethodSiteNoUnwrapNoCoerce.invoke(PogoMetaMethodSite.java:198)
at org.codehaus.groovy.runtime.callsite.PogoMetaMethodSite.callCurrent(PogoMetaMethodSite.java:62)
at org.codehaus.groovy.runtime.callsite.AbstractCallSite.callCurrent(AbstractCallSite.java:185)
at io.restassured.internal.ResponseSpecificationImpl.statusCode(ResponseSpecificationImpl.groovy:135)
at io.restassured.specification.ResponseSpecification$statusCode$0.callCurrent(Unknown Source)
at io.restassured.internal.ResponseSpecificationImpl.statusCode(ResponseSpecificationImpl.groovy:143)
at io.restassured.internal.ValidatableResponseOptionsImpl.statusCode(ValidatableResponseOptionsImpl.java:89)
at api.FactorialCalculationTest.calculationTest(FactorialCalculationTest.java:34)
at java.base/jdk.internal.reflect.DirectMethodHandleAccessor.invoke(DirectMethodHandleAccessor.java:104)
at java.base/java.lang.reflect.Method.invoke(Method.java:578)
at org.testng.internal.MethodInvocationHelper.invokeMethod(MethodInvocationHelper.java:133)
at org.testng.internal.TestInvoker.invokeMethod(TestInvoker.java:584)
at org.testng.internal.TestInvoker.invokeTestMethod(TestInvoker.java:172)
at org.testng.internal.MethodRunner.runInSequence(MethodRunner.java:46)
at org.testng.internal.TestInvoker$MethodInvocationAgent.invoke(TestInvoker.java:804)
at org.testng.internal.TestInvoker.invokeTestMethods(TestInvoker.java:145)
at org.testng.internal.TestMethodWorker.invokeTestMethods(TestMethodWorker.java:146)
at org.testng.internal.TestMethodWorker.run(TestMethodWorker.java:128)
at java.base/java.util.concurrent.ThreadPoolExecutor.runWorker(ThreadPoolExecutor.java:1144)
at java.base/java.util.concurrent.ThreadPoolExecutor$Worker.run(ThreadPoolExecutor.java:642)
at java.base/java.lang.Thread.run(Thread.java:1589)
]]>
            </full-stacktrace>
          </exception> <!-- java.lang.AssertionError -->
          <reporter-output>
          </reporter-output>
        </test-method> <!-- calculationTest -->
      </class> <!-- api.FactorialCalculationTest -->
    </test> <!-- API tests -->
  </suite> <!-- All tests -->
</testng-results>
