<?xml version="1.0" encoding="UTF-8"?>
<!-- Generated by org.testng.reporters.JUnitReportReporter -->
<testsuite hostname="Ihars-MacBook-Pro.local" failures="1" tests="4" name="ui.mainPage.ResultDisplayingTest" time="19.897" errors="1" timestamp="2023-02-19T14:38:36 MSK" skipped="0">
  <testcase classname="ui.mainPage.ResultDisplayingTest" name="resultDisplayingFormat" time="1.674"/>
  <testcase classname="ui.mainPage.ResultDisplayingTest" name="resultDisplayingFormat" time="1.098">
    <failure message="expected [The factorial of 270 is: 6662114104669102659441021975736134627769448930279862933653218630551948003511087832565415828448678280273978753617211105330479503215391395051285941411676952807468659285639696303194016356426102905293246092874474761645912856695644240665245982604485191327580894984261640512855484243841384335849362695123615035750935706878324574737858489512861092219029899373726694555642915186832331932293272162921969108837665231946747134114678139970333858780786306763062986052579371266852134060032000000000000000000000000000000000000000000000000000000000000000000] but found [The factorial of 270 is: Infinity]" type="java.lang.AssertionError">
      <![CDATA[java.lang.AssertionError: expected [The factorial of 270 is: 6662114104669102659441021975736134627769448930279862933653218630551948003511087832565415828448678280273978753617211105330479503215391395051285941411676952807468659285639696303194016356426102905293246092874474761645912856695644240665245982604485191327580894984261640512855484243841384335849362695123615035750935706878324574737858489512861092219029899373726694555642915186832331932293272162921969108837665231946747134114678139970333858780786306763062986052579371266852134060032000000000000000000000000000000000000000000000000000000000000000000] but found [The factorial of 270 is: Infinity]
at org.testng.Assert.fail(Assert.java:97)
at org.testng.Assert.assertEqualsImpl(Assert.java:136)
at org.testng.Assert.assertEquals(Assert.java:118)
at org.testng.Assert.assertEquals(Assert.java:575)
at org.testng.Assert.assertEquals(Assert.java:585)
at ui.mainPage.ResultDisplayingTest.resultDisplayingFormat(ResultDisplayingTest.java:36)
at java.base/jdk.internal.reflect.DirectMethodHandleAccessor.invoke(DirectMethodHandleAccessor.java:104)
at java.base/java.lang.reflect.Method.invoke(Method.java:578)
at org.testng.internal.MethodInvocationHelper.invokeMethod(MethodInvocationHelper.java:133)
at org.testng.internal.TestInvoker.invokeMethod(TestInvoker.java:584)
at org.testng.internal.TestInvoker.invokeTestMethod(TestInvoker.java:172)
at org.testng.internal.MethodRunner.runInSequence(MethodRunner.java:46)
at org.testng.internal.TestInvoker$MethodInvocationAgent.invoke(TestInvoker.java:804)
at org.testng.internal.TestInvoker.invokeTestMethods(TestInvoker.java:145)
at org.testng.internal.TestMethodWorker.invokeTestMethods(TestMethodWorker.java:146)
at org.testng.internal.TestMethodWorker.run(TestMethodWorker.java:128)
at java.base/java.util.concurrent.ThreadPoolExecutor.runWorker(ThreadPoolExecutor.java:1144)
at java.base/java.util.concurrent.ThreadPoolExecutor$Worker.run(ThreadPoolExecutor.java:642)
at java.base/java.lang.Thread.run(Thread.java:1589)
]]>
    </failure>
  </testcase> <!-- resultDisplayingFormat -->
  <testcase classname="ui.mainPage.ResultDisplayingTest" name="resultDisplayingFormat" time="14.256">
    <error message="Expected condition failed: waiting for org.openqa.selenium.support.ui.ExpectedConditions$$Lambda$722/0x000000080122d088@750f7673 (tried for 10 second(s) with 500 milliseconds interval)
Build info: version: &#039;3.141.59&#039;, revision: &#039;e82be7d358&#039;, time: &#039;2018-11-14T08:17:03&#039;
System info: host: &#039;Ihars-MacBook-Pro.local&#039;, ip: &#039;fe80:0:0:0:10d6:3f9a:a43:146c%en0&#039;, os.name: &#039;Mac OS X&#039;, os.arch: &#039;aarch64&#039;, os.version: &#039;13.1&#039;, java.version: &#039;19.0.2&#039;
Driver info: org.openqa.selenium.chrome.ChromeDriver
Capabilities {acceptInsecureCerts: false, browserName: chrome, browserVersion: 109.0.5414.119, chrome: {chromedriverVersion: 109.0.5414.74 (e7c5703604da..., userDataDir: /var/folders/r3/64949w294hg...}, goog:chromeOptions: {debuggerAddress: localhost:52182}, javascriptEnabled: true, networkConnectionEnabled: false, pageLoadStrategy: normal, platform: MAC, platformName: MAC, proxy: Proxy(), setWindowRect: true, strictFileInteractability: false, timeouts: {implicit: 0, pageLoad: 300000, script: 30000}, unhandledPromptBehavior: dismiss and notify, webauthn:extension:credBlob: true, webauthn:extension:largeBlob: true, webauthn:virtualAuthenticators: true}
Session ID: cbb91e7c789dac7c2e05c68999f1a459" type="org.openqa.selenium.TimeoutException">
      <![CDATA[org.openqa.selenium.TimeoutException: Expected condition failed: waiting for org.openqa.selenium.support.ui.ExpectedConditions$$Lambda$722/0x000000080122d088@750f7673 (tried for 10 second(s) with 500 milliseconds interval)
Build info: version: '3.141.59', revision: 'e82be7d358', time: '2018-11-14T08:17:03'
System info: host: 'Ihars-MacBook-Pro.local', ip: 'fe80:0:0:0:10d6:3f9a:a43:146c%en0', os.name: 'Mac OS X', os.arch: 'aarch64', os.version: '13.1', java.version: '19.0.2'
Driver info: org.openqa.selenium.chrome.ChromeDriver
Capabilities {acceptInsecureCerts: false, browserName: chrome, browserVersion: 109.0.5414.119, chrome: {chromedriverVersion: 109.0.5414.74 (e7c5703604da..., userDataDir: /var/folders/r3/64949w294hg...}, goog:chromeOptions: {debuggerAddress: localhost:52182}, javascriptEnabled: true, networkConnectionEnabled: false, pageLoadStrategy: normal, platform: MAC, platformName: MAC, proxy: Proxy(), setWindowRect: true, strictFileInteractability: false, timeouts: {implicit: 0, pageLoad: 300000, script: 30000}, unhandledPromptBehavior: dismiss and notify, webauthn:extension:credBlob: true, webauthn:extension:largeBlob: true, webauthn:virtualAuthenticators: true}
Session ID: cbb91e7c789dac7c2e05c68999f1a459
at org.openqa.selenium.support.ui.WebDriverWait.timeoutException(WebDriverWait.java:95)
at org.openqa.selenium.support.ui.FluentWait.until(FluentWait.java:272)
at com.org.page.MainPage.clickCalculationButton(MainPage.java:36)
at ui.mainPage.ResultDisplayingTest.resultDisplayingFormat(ResultDisplayingTest.java:34)
at java.base/jdk.internal.reflect.DirectMethodHandleAccessor.invoke(DirectMethodHandleAccessor.java:104)
at java.base/java.lang.reflect.Method.invoke(Method.java:578)
at org.testng.internal.MethodInvocationHelper.invokeMethod(MethodInvocationHelper.java:133)
at org.testng.internal.TestInvoker.invokeMethod(TestInvoker.java:584)
at org.testng.internal.TestInvoker.invokeTestMethod(TestInvoker.java:172)
at org.testng.internal.MethodRunner.runInSequence(MethodRunner.java:46)
at org.testng.internal.TestInvoker$MethodInvocationAgent.invoke(TestInvoker.java:804)
at org.testng.internal.TestInvoker.invokeTestMethods(TestInvoker.java:145)
at org.testng.internal.TestMethodWorker.invokeTestMethods(TestMethodWorker.java:146)
at org.testng.internal.TestMethodWorker.run(TestMethodWorker.java:128)
at java.base/java.util.concurrent.ThreadPoolExecutor.runWorker(ThreadPoolExecutor.java:1144)
at java.base/java.util.concurrent.ThreadPoolExecutor$Worker.run(ThreadPoolExecutor.java:642)
at java.base/java.lang.Thread.run(Thread.java:1589)
]]>
    </error>
  </testcase> <!-- resultDisplayingFormat -->
  <testcase classname="ui.mainPage.ResultDisplayingTest" name="resultDisplayingFormat" time="2.869"/>
</testsuite> <!-- ui.mainPage.ResultDisplayingTest -->
